Running SLURM prolog script on red401.cluster.local
===============================================================================
Job started on Wed Sep 12 13:59:16 BST 2018
Job ID          : 142407
Job name        : submit_multiple
WorkDir         : /mainfs/home/td7g11/sail_route.jl/development
Partition       : batch
Num hosts       : 1
Num cores       : 1
Num of tasks    : 1
Hosts allocated : red401
Job Output Follows ...
===============================================================================
ERROR: UndefVarError: save not defined
Stacktrace:
 [1] test_performance_unc_analysis_cluster() at ./none:66
 [2] top-level scope at util.jl:156
==============================================================================
Running epilogue script on red401.

Submit time  : 2018-09-12T13:59:15
Start time   : 2018-09-12T13:59:16
End time     : 2018-09-12T14:34:01
Elapsed time : 00:34:45 (Timelimit=20:00:00)

Job ID: 142407
Cluster: i5
User/Group: td7g11/mm
State: COMPLETED (exit code 0)
Cores: 1
CPU Utilized: 00:34:21
CPU Efficiency: 98.85% of 00:34:45 core-walltime
Memory Utilized: 4.80 GB

