Running SLURM prolog script on red210.cluster.local
===============================================================================
Job started on Mon Oct  1 08:28:13 BST 2018
Job ID          : 150379
Job name        : submit_single_weather_route
WorkDir         : /mainfs/home/td7g11/sail_route.jl/development
Partition       : batch
Num hosts       : 1
Num cores       : 10
Num of tasks    : 10
Hosts allocated : red210
Job Output Follows ...
===============================================================================
┌ Warning: passing columns argument with non-AbstractVector entries is deprecated
│   caller = run_single_route() at none:146
└ @ Main ./none:146
==============================================================================
Running epilogue script on red210.

Submit time  : 2018-10-01T08:28:12
Start time   : 2018-10-01T08:28:13
End time     : 2018-10-01T08:32:16
Elapsed time : 00:04:03 (Timelimit=20:00:00)

Job ID: 150379
Cluster: i5
User/Group: td7g11/mm
State: COMPLETED (exit code 0)
Nodes: 1
Cores per node: 10
CPU Utilized: 00:06:22
**** Please note that the CPU efficency of your job is less than 50% ****
**** Ask the HPC team for advice -- if you need it
**** CPU Efficiency: 15.72% of 00:40:30 core-walltime

Memory Utilized: 5.27 GB

