Running SLURM prolog script on red097.cluster.local
===============================================================================
Job started on Fri Sep 28 12:51:28 BST 2018
Job ID          : 149893
Job name        : submit_single_weather_route
WorkDir         : /mainfs/home/td7g11/sail_route.jl/development
Partition       : batch
Num hosts       : 1
Num cores       : 10
Num of tasks    : 10
Hosts allocated : red097
Job Output Follows ...
===============================================================================
ERROR: On worker 2:
MethodError: no method matching getindex(::typeof(output), ::Int64)
macro expansion at ./show.jl:555 [inlined]
route_solve_chunk! at ./none:68
route_solve_shared_chunk! at ./none:73
#116 at /buildworker/worker/package_linux64/build/usr/share/julia/stdlib/v1.0/Distributed/src/process_messages.jl:276
run_work_thunk at /buildworker/worker/package_linux64/build/usr/share/julia/stdlib/v1.0/Distributed/src/process_messages.jl:56
run_work_thunk at /buildworker/worker/package_linux64/build/usr/share/julia/stdlib/v1.0/Distributed/src/process_messages.jl:65
#102 at ./task.jl:259
#remotecall_wait#154(::Base.Iterators.Pairs{Union{},Union{},Tuple{},NamedTuple{(),Tuple{}}}, ::Function, ::Function, ::Distributed.Worker, ::SharedArray{Float64,2}, ::Vararg{Any,N} where N) at /buildworker/worker/package_linux64/build/usr/share/julia/stdlib/v1.0/Distributed/src/remotecall.jl:407
remotecall_wait(::Function, ::Distributed.Worker, ::SharedArray{Float64,2}, ::Vararg{Any,N} where N) at /buildworker/worker/package_linux64/build/usr/share/julia/stdlib/v1.0/Distributed/src/remotecall.jl:398
#remotecall_wait#157(::Base.Iterators.Pairs{Union{},Union{},Tuple{},NamedTuple{(),Tuple{}}}, ::Function, ::Function, ::Int64, ::SharedArray{Float64,2}, ::Vararg{Any,N} where N) at /buildworker/worker/package_linux64/build/usr/share/julia/stdlib/v1.0/Distributed/src/remotecall.jl:419
remotecall_wait(::Function, ::Int64, ::SharedArray{Float64,2}, ::Vararg{Any,N} where N) at /buildworker/worker/package_linux64/build/usr/share/julia/stdlib/v1.0/Distributed/src/remotecall.jl:419
(::getfield(Main, Symbol("##16#18")){Array{Performance,1},SharedArray{Float64,2}})() at ./task.jl:259

...and 9 more exception(s).

Stacktrace:
 [1] sync_end(::Array{Any,1}) at ./task.jl:226
 [2] parallize_uncertain_routing() at ./none:87
 [3] top-level scope at none:0
==============================================================================
Running epilogue script on red097.

Submit time  : 2018-09-28T12:51:28
Start time   : 2018-09-28T12:51:28
End time     : 2018-09-28T12:52:19
Elapsed time : 00:00:51 (Timelimit=20:00:00)

Job ID: 149893
Cluster: i5
User/Group: td7g11/mm
State: COMPLETED (exit code 0)
Nodes: 1
Cores per node: 10
CPU Utilized: 00:03:34
**** Please note that the CPU efficency of your job is less than 50% ****
**** Ask the HPC team for advice -- if you need it
**** CPU Efficiency: 41.96% of 00:08:30 core-walltime

Memory Utilized: 3.42 GB

