Running SLURM prolog script on red086.cluster.local
===============================================================================
Job started on Wed Oct  3 11:30:01 BST 2018
Job ID          : 151643
Job name        : submit_single_weather_route
WorkDir         : /mainfs/home/td7g11/sail_route.jl/development
Partition       : batch
Num hosts       : 1
Num cores       : 10
Num of tasks    : 10
Hosts allocated : red086
Job Output Follows ...
===============================================================================
ERROR: ArgumentError: unable to construct DataFrame from Array{Float64,1}
Stacktrace:
 [1] DataFrame(::Array{Float64,1}) at /home/td7g11/.julia/packages/DataFrames/VC5qi/src/other/tables.jl:32
 [2] run_single_route() at ./none:212
 [3] top-level scope at none:0
==============================================================================
Running epilogue script on red086.

Submit time  : 2018-10-03T11:30:00
Start time   : 2018-10-03T11:30:01
End time     : 2018-10-03T11:32:41
Elapsed time : 00:02:40 (Timelimit=20:00:00)


