Running SLURM prolog script on red005.cluster.local
===============================================================================
Job started on Thu Aug 23 10:34:52 BST 2018
Job ID          : 133829
Job name        : submit_single_weather_route
WorkDir         : /mainfs/home/td7g11/sail_route.jl/development
Partition       : batch
Num hosts       : 1
Num cores       : 10
Num of tasks    : 10
Hosts allocated : red005
Job Output Follows ...
===============================================================================
==============================================================================
Running epilogue script on red005.

Submit time  : 2018-08-23T10:34:51
Start time   : 2018-08-23T10:34:52
End time     : 2018-08-23T10:54:44
Elapsed time : 00:19:52 (Timelimit=20:00:00)

Job ID: 133829
Cluster: i5
User/Group: td7g11/mm
State: COMPLETED (exit code 0)
Nodes: 1
Cores per node: 10
CPU Utilized: 00:19:51
**** Please note that the CPU efficency of your job is less than 50% ****
**** Ask the HPC team for advice -- if you need it
**** CPU Efficiency: 9.99% of 03:18:40 core-walltime

Memory Utilized: 8.13 GB

