Running SLURM prolog script on red207.cluster.local
===============================================================================
Job started on Wed Sep 26 11:31:54 BST 2018
Job ID          : 148836
Job name        : submit_single_weather_route
WorkDir         : /mainfs/home/td7g11/sail_route.jl/development
Partition       : batch
Num hosts       : 1
Num cores       : 10
Num of tasks    : 10
Hosts allocated : red207
Job Output Follows ...
===============================================================================
┌ Warning: passing columns argument with non-AbstractVector entries is deprecated
│   caller = run_discretized_routes() at none:65
└ @ Main ./none:65
==============================================================================
Running epilogue script on red207.

Submit time  : 2018-09-26T11:31:53
Start time   : 2018-09-26T11:31:54
End time     : 2018-09-26T11:34:01
Elapsed time : 00:02:07 (Timelimit=20:00:00)

Job ID: 148836
Cluster: i5
User/Group: td7g11/mm
State: COMPLETED (exit code 0)
Nodes: 1
Cores per node: 10
CPU Utilized: 00:04:39
**** Please note that the CPU efficency of your job is less than 50% ****
**** Ask the HPC team for advice -- if you need it
**** CPU Efficiency: 21.97% of 00:21:10 core-walltime

Memory Utilized: 4.19 GB

