Running SLURM prolog script on red090.cluster.local
===============================================================================
Job started on Fri Sep 28 10:24:00 BST 2018
Job ID          : 149802
Job name        : submit_single_weather_route
WorkDir         : /mainfs/home/td7g11/sail_route.jl/development
Partition       : batch
Num hosts       : 1
Num cores       : 10
Num of tasks    : 10
Hosts allocated : red090
Job Output Follows ...
===============================================================================
==============================================================================
Running epilogue script on red090.

Submit time  : 2018-09-28T10:24:00
Start time   : 2018-09-28T10:24:00
End time     : 2018-09-28T10:31:55
Elapsed time : 00:07:55 (Timelimit=20:00:00)

Job ID: 149802
Cluster: i5
User/Group: td7g11/mm
State: COMPLETED (exit code 0)
Nodes: 1
Cores per node: 10
CPU Utilized: 01:05:16
CPU Efficiency: 82.44% of 01:19:10 core-walltime
Memory Utilized: 39.46 GB

