Running SLURM prolog script on red207.cluster.local
===============================================================================
Job started on Wed Sep 26 11:30:39 BST 2018
Job ID          : 148833
Job name        : submit_single_weather_route
WorkDir         : /mainfs/home/td7g11/sail_route.jl/development
Partition       : batch
Num hosts       : 1
Num cores       : 10
Num of tasks    : 10
Hosts allocated : red207
Job Output Follows ...
===============================================================================
ERROR: syntax: missing comma or ) in argument list
==============================================================================
Running epilogue script on red207.

Submit time  : 2018-09-26T11:30:39
Start time   : 2018-09-26T11:30:39
End time     : 2018-09-26T11:30:42
Elapsed time : 00:00:03 (Timelimit=20:00:00)

Job ID: 148833
Cluster: i5
User/Group: td7g11/mm
State: COMPLETED (exit code 0)
Nodes: 1
Cores per node: 10
CPU Utilized: 00:00:13
**** Please note that the CPU efficency of your job is less than 50% ****
**** Ask the HPC team for advice -- if you need it
**** CPU Efficiency: 43.33% of 00:00:30 core-walltime

Memory Utilized: 1.25 MB

