Running SLURM prolog script on red158.cluster.local
===============================================================================
Job started on Fri Sep 14 08:27:08 BST 2018
Job ID          : 143164
Job name        : submit_multiple
WorkDir         : /mainfs/home/td7g11/sail_route.jl/development
Partition       : batch
Num hosts       : 1
Num cores       : 20
Num of tasks    : 20
Hosts allocated : red158
Job Output Follows ...
===============================================================================
Worker 4 terminated.
ERROR: ProcessExitedException()
try_yieldto(::typeof(Base.ensure_rescheduled), ::Base.RefValue{Task}) at ./event.jl:196
wait() at ./event.jl:255
wait(::Condition) at ./event.jl:46
take_buffered(::Channel{Any}) at ./channels.jl:353
take!(::Channel{Any}) at ./channels.jl:306
take!(::Distributed.RemoteValue) at /buildworker/worker/package_linux64/build/usr/share/julia/stdlib/v1.0/Distributed/src/remotecall.jl:562
#remotecall_fetch#149(::Base.Iterators.Pairs{Union{},Union{},Tuple{},NamedTuple{(),Tuple{}}}, ::Function, ::Function, ::Distributed.Worker, ::Distributed.RRID, ::Vararg{Any,N} where N) at /buildworker/worker/package_linux64/build/usr/share/julia/stdlib/v1.0/Distributed/src/remotecall.jl:375
remotecall_fetch(::Function, ::Distributed.Worker, ::Distributed.RRID, ::Vararg{Any,N} where N) at /buildworker/worker/package_linux64/build/usr/share/julia/stdlib/v1.0/Distributed/src/remotecall.jl:371
#remotecall_fetch#152(::Base.Iterators.Pairs{Union{},Union{},Tuple{},NamedTuple{(),Tuple{}}}, ::Function, ::Function, ::Int64, ::Distributed.RRID, ::Vararg{Any,N} where N) at /buildworker/worker/package_linux64/build/usr/share/julia/stdlib/v1.0/Distributed/src/remotecall.jl:392
call_on_owner at /buildworker/worker/package_linux64/build/usr/share/julia/stdlib/v1.0/Distributed/src/remotecall.jl:392 [inlined]
wait(::Future) at /buildworker/worker/package_linux64/build/usr/share/julia/stdlib/v1.0/Distributed/src/remotecall.jl:486
sync_end(::Array{Any,1}) at ./task.jl:213
macro expansion at /buildworker/worker/package_linux64/build/usr/share/julia/stdlib/v1.0/Distributed/src/macros.jl:268 [inlined]
(::getfield(Distributed, Symbol("##169#171")){getfield(Main, Symbol("##16#18")){Float64,Float64,Float64,Float64,String,String,Array{Performance,1},SharedArray{Float64,2}},Base.OneTo{Int64}})() at ./task.jl:244
Stacktrace:
 [1] sync_end(::Array{Any,1}) at ./task.jl:226
 [2] macro expansion at /buildworker/worker/package_linux64/build/usr/share/julia/stdlib/v1.0/Distributed/src/macros.jl:337 [inlined]
 [3] macro expansion at ./task.jl:244 [inlined]
 [4] test_performance_unc_analysis_cluster() at ./none:69
 [5] top-level scope at none:0
┌ Warning: Forcibly interrupting busy workers
│   exception = rmprocs: pids [7, 8] not terminated after 5.0 seconds.
└ @ Distributed /buildworker/worker/package_linux64/build/usr/share/julia/stdlib/v1.0/Distributed/src/cluster.jl:1074
┌ Warning: rmprocs: process 1 not removed
└ @ Distributed /buildworker/worker/package_linux64/build/usr/share/julia/stdlib/v1.0/Distributed/src/cluster.jl:863
==============================================================================
Running epilogue script on red158.

Submit time  : 2018-09-14T08:27:07
Start time   : 2018-09-14T08:27:08
End time     : 2018-09-14T12:20:06
Elapsed time : 03:52:58 (Timelimit=1-16:00:00)

Job ID: 143164
Cluster: i5
User/Group: td7g11/mm
State: COMPLETED (exit code 0)
Nodes: 1
Cores per node: 20
CPU Utilized: 09:07:46
**** Please note that the CPU efficency of your job is less than 50% ****
**** Ask the HPC team for advice -- if you need it
**** CPU Efficiency: 11.76% of 3-05:39:20 core-walltime

Memory Utilized: 82.19 GB

