Running SLURM prolog script on red352.cluster.local
===============================================================================
Job started on Tue Oct  2 16:02:11 BST 2018
Job ID          : 151345
Job name        : submit_single_weather_route
WorkDir         : /mainfs/home/td7g11/sail_route.jl/development
Partition       : batch
Num hosts       : 1
Num cores       : 10
Num of tasks    : 10
Hosts allocated : red352
Job Output Follows ...
===============================================================================
ERROR: ArgumentError: unable to construct DataFrame from Array{Float64,1}
Stacktrace:
 [1] DataFrame(::Array{Float64,1}) at /home/td7g11/.julia/packages/DataFrames/VC5qi/src/other/tables.jl:32
 [2] run_single_route() at ./none:212
 [3] top-level scope at none:0
==============================================================================
Running epilogue script on red352.

Submit time  : 2018-10-02T16:02:11
Start time   : 2018-10-02T16:02:11
End time     : 2018-10-02T17:28:57
Elapsed time : 01:26:46 (Timelimit=20:00:00)


