Running SLURM prolog script on red097.cluster.local
===============================================================================
Job started on Fri Sep 28 10:30:10 BST 2018
Job ID          : 149803
Job name        : submit_single_weather_route
WorkDir         : /mainfs/home/td7g11/sail_route.jl/development
Partition       : batch
Num hosts       : 1
Num cores       : 10
Num of tasks    : 10
Hosts allocated : red097
Job Output Follows ...
===============================================================================
ERROR: MethodError: no method matching Date(::Int64, ::Int64, ::Int64, ::Int64, ::Int64, ::Int64)
Closest candidates are:
  Date(::Int64, ::Int64, ::Int64) at /buildworker/worker/package_linux64/build/usr/share/julia/stdlib/v1.0/Dates/src/types.jl:206
  Date(!Matched::Function, ::Any, ::Any, ::Any; step, limit) at /buildworker/worker/package_linux64/build/usr/share/julia/stdlib/v1.0/Dates/src/adjusters.jl:235
  Date(::Any, ::Any, ::Any) at /buildworker/worker/package_linux64/build/usr/share/julia/stdlib/v1.0/Dates/src/types.jl:315
  ...
Stacktrace:
 [1] parallize_uncertain_routing() at ./none:83
 [2] top-level scope at none:0
==============================================================================
Running epilogue script on red097.

Submit time  : 2018-09-28T10:30:10
Start time   : 2018-09-28T10:30:10
End time     : 2018-09-28T10:31:00
Elapsed time : 00:00:50 (Timelimit=20:00:00)

Job ID: 149803
Cluster: i5
User/Group: td7g11/mm
State: COMPLETED (exit code 0)
Nodes: 1
Cores per node: 10
CPU Utilized: 00:03:06
**** Please note that the CPU efficency of your job is less than 50% ****
**** Ask the HPC team for advice -- if you need it
**** CPU Efficiency: 37.20% of 00:08:20 core-walltime

Memory Utilized: 3.26 GB

