Running SLURM prolog script on red054.cluster.local
===============================================================================
Job started on Fri Oct  5 08:57:24 BST 2018
Job ID          : 155529
Job name        : submit_single_weather_route
WorkDir         : /mainfs/home/td7g11/sail_route.jl/development
Partition       : batch
Num hosts       : 1
Num cores       : 10
Num of tasks    : 10
Hosts allocated : red054
Job Output Follows ...
===============================================================================
slurmstepd: error: *** JOB 155529 ON red054 CANCELLED AT 2018-10-05T08:58:16 ***
==============================================================================
Running epilogue script on red054.

Submit time  : 2018-10-05T08:57:24
Start time   : 2018-10-05T08:57:24
End time     : 2018-10-05T08:58:16
Elapsed time : 00:00:52 (Timelimit=20:00:00)


