Running SLURM prolog script on red304.cluster.local
===============================================================================
Job started on Tue Aug 21 14:03:21 BST 2018
Job ID          : 133141
Job name        : sample_route
WorkDir         : /mainfs/home/td7g11/sail_route.jl/development
Partition       : batch
Num hosts       : 2
Num cores       : 2
Num of tasks    : 2
Hosts allocated : red[304-305]
Job Output Follows ...
===============================================================================
==============================================================================
Running epilogue script on red304.

Submit time  : 2018-08-21T14:03:20
Start time   : 2018-08-21T14:03:20
End time     : 2018-08-21T14:03:57
Elapsed time : 00:00:37 (Timelimit=01:00:00)

Job ID: 133141
Cluster: i5
User/Group: td7g11/mm
State: COMPLETED (exit code 0)
Nodes: 2
Cores per node: 1
CPU Utilized: 00:00:27
**** Please note that the CPU efficency of your job is less than 50% ****
**** Ask the HPC team for advice -- if you need it
**** CPU Efficiency: 36.49% of 00:01:14 core-walltime

Memory Utilized: 334.83 MB

