Running SLURM prolog script on red032.cluster.local
===============================================================================
Job started on Mon Oct  1 07:53:17 BST 2018
Job ID          : 150373
Job name        : submit_single_weather_route
WorkDir         : /mainfs/home/td7g11/sail_route.jl/development
Partition       : batch
Num hosts       : 1
Num cores       : 10
Num of tasks    : 10
Hosts allocated : red032
Job Output Follows ...
===============================================================================
┌ Warning: passing columns argument with non-AbstractVector entries is deprecated
│   caller = run_single_route() at none:146
└ @ Main ./none:146
==============================================================================
Running epilogue script on red032.

Submit time  : 2018-10-01T07:53:17
Start time   : 2018-10-01T07:53:17
End time     : 2018-10-01T07:57:16
Elapsed time : 00:03:59 (Timelimit=20:00:00)

Job ID: 150373
Cluster: i5
User/Group: td7g11/mm
State: COMPLETED (exit code 0)
Nodes: 1
Cores per node: 10
CPU Utilized: 00:06:13
**** Please note that the CPU efficency of your job is less than 50% ****
**** Ask the HPC team for advice -- if you need it
**** CPU Efficiency: 15.61% of 00:39:50 core-walltime

Memory Utilized: 5.22 GB

