Running SLURM prolog script on red210.cluster.local
===============================================================================
Job started on Wed Sep 26 11:31:08 BST 2018
Job ID          : 148835
Job name        : submit_single_weather_route
WorkDir         : /mainfs/home/td7g11/sail_route.jl/development
Partition       : batch
Num hosts       : 1
Num cores       : 10
Num of tasks    : 10
Hosts allocated : red210
Job Output Follows ...
===============================================================================
ERROR: syntax: missing comma or ) in argument list
==============================================================================
Running epilogue script on red210.

Submit time  : 2018-09-26T11:31:08
Start time   : 2018-09-26T11:31:08
End time     : 2018-09-26T11:31:13
Elapsed time : 00:00:05 (Timelimit=20:00:00)

Job ID: 148835
Cluster: i5
User/Group: td7g11/mm
State: COMPLETED (exit code 0)
Nodes: 1
Cores per node: 10
CPU Utilized: 00:00:13
**** Please note that the CPU efficency of your job is less than 50% ****
**** Ask the HPC team for advice -- if you need it
**** CPU Efficiency: 26.00% of 00:00:50 core-walltime

Memory Utilized: 1.25 MB

