Running SLURM prolog script on red027.cluster.local
===============================================================================
Job started on Fri Oct  5 13:53:55 BST 2018
Job ID          : 157616
Job name        : submit_single_weather_route
WorkDir         : /mainfs/home/td7g11/sail_route.jl/development
Partition       : batch
Num hosts       : 1
Num cores       : 20
Num of tasks    : 20
Hosts allocated : red027
Job Output Follows ...
===============================================================================
ERROR: On worker 2:
ArgumentError: Month: 71 out of range (1:12)
Type at /buildworker/worker/package_linux64/build/usr/share/julia/stdlib/v1.0/Dates/src/types.jl:207
top-level scope at none:19
eval at ./boot.jl:319
#116 at /buildworker/worker/package_linux64/build/usr/share/julia/stdlib/v1.0/Distributed/src/process_messages.jl:276
run_work_thunk at /buildworker/worker/package_linux64/build/usr/share/julia/stdlib/v1.0/Distributed/src/process_messages.jl:56
run_work_thunk at /buildworker/worker/package_linux64/build/usr/share/julia/stdlib/v1.0/Distributed/src/process_messages.jl:65
#102 at ./task.jl:259
#remotecall_wait#154(::Base.Iterators.Pairs{Union{},Union{},Tuple{},NamedTuple{(),Tuple{}}}, ::Function, ::Function, ::Distributed.Worker, ::Module, ::Vararg{Any,N} where N) at /buildworker/worker/package_linux64/build/usr/share/julia/stdlib/v1.0/Distributed/src/remotecall.jl:421
remotecall_wait(::Function, ::Distributed.Worker, ::Module, ::Vararg{Any,N} where N) at /buildworker/worker/package_linux64/build/usr/share/julia/stdlib/v1.0/Distributed/src/remotecall.jl:412
#remotecall_wait#157(::Base.Iterators.Pairs{Union{},Union{},Tuple{},NamedTuple{(),Tuple{}}}, ::Function, ::Function, ::Int64, ::Module, ::Vararg{Any,N} where N) at /buildworker/worker/package_linux64/build/usr/share/julia/stdlib/v1.0/Distributed/src/remotecall.jl:433
remotecall_wait(::Function, ::Int64, ::Module, ::Vararg{Any,N} where N) at /buildworker/worker/package_linux64/build/usr/share/julia/stdlib/v1.0/Distributed/src/remotecall.jl:433
(::getfield(Distributed, Symbol("##163#165")){Module,Expr})() at ./task.jl:259

...and 20 more exception(s).

Stacktrace:
 [1] sync_end(::Array{Any,1}) at ./task.jl:226
 [2] remotecall_eval(::Module, ::Array{Int64,1}, ::Expr) at /buildworker/worker/package_linux64/build/usr/share/julia/stdlib/v1.0/Distributed/src/macros.jl:207
 [3] top-level scope at /buildworker/worker/package_linux64/build/usr/share/julia/stdlib/v1.0/Distributed/src/macros.jl:190
ERROR: UndefVarError: times not defined
Stacktrace:
 [1] parallized_v2_uncertain_routing!() at ./none:53
 [2] top-level scope at none:0
==============================================================================
Running epilogue script on red027.

Submit time  : 2018-10-05T13:53:54
Start time   : 2018-10-05T13:53:55
End time     : 2018-10-05T13:55:12
Elapsed time : 00:01:17 (Timelimit=20:00:00)


