Running SLURM prolog script on red097.cluster.local
===============================================================================
Job started on Fri Sep 28 11:16:25 BST 2018
Job ID          : 149831
Job name        : submit_single_weather_route
WorkDir         : /mainfs/home/td7g11/sail_route.jl/development
Partition       : batch
Num hosts       : 1
Num cores       : 10
Num of tasks    : 10
Hosts allocated : red097
Job Output Follows ...
===============================================================================
┌ Error: Fatal error on process 8
│   exception =
│    PyError ($(Expr(:escape, :(ccall(#= /home/td7g11/.julia/packages/PyCall/rUul9/src/pyfncall.jl:44 =# @pysym(:PyObject_Call), PyPtr, (PyPtr, PyPtr, PyPtr), o, pyargsptr, kw))))) <class 'TypeError'>
│    TypeError("can't pickle traceback objects",)
│    
│    Stacktrace:
│     [1] pyerr_check at /home/td7g11/.julia/packages/PyCall/rUul9/src/exception.jl:60 [inlined]
│     [2] pyerr_check at /home/td7g11/.julia/packages/PyCall/rUul9/src/exception.jl:64 [inlined]
│     [3] macro expansion at /home/td7g11/.julia/packages/PyCall/rUul9/src/exception.jl:84 [inlined]
│     [4] __pycall!(::PyObject, ::Ptr{PyCall.PyObject_struct}, ::PyObject, ::Ptr{Nothing}) at /home/td7g11/.julia/packages/PyCall/rUul9/src/pyfncall.jl:44
│     [5] _pycall!(::PyObject, ::PyObject, ::Tuple{PyObject}, ::Int64, ::Ptr{Nothing}) at /home/td7g11/.julia/packages/PyCall/rUul9/src/pyfncall.jl:22
│     [6] #pycall#87 at /home/td7g11/.julia/packages/PyCall/rUul9/src/pyfncall.jl:11 [inlined]
│     [7] pycall at /home/td7g11/.julia/packages/PyCall/rUul9/src/pyfncall.jl:83 [inlined]
│     [8] serialize(::Distributed.ClusterSerializer{Sockets.TCPSocket}, ::PyObject) at /home/td7g11/.julia/packages/PyCall/rUul9/src/serialize.jl:18
│     [9] serialize_any(::Distributed.ClusterSerializer{Sockets.TCPSocket}, ::Any) at /buildworker/worker/package_linux64/build/usr/share/julia/stdlib/v1.0/Serialization/src/Serialization.jl:630
│     [10] serialize(::Distributed.ClusterSerializer{Sockets.TCPSocket}, ::Any) at /buildworker/worker/package_linux64/build/usr/share/julia/stdlib/v1.0/Serialization/src/Serialization.jl:609
│     [11] serialize(::Distributed.ClusterSerializer{Sockets.TCPSocket}, ::CapturedException) at /buildworker/worker/package_linux64/build/usr/share/julia/stdlib/v1.0/Distributed/src/clusterserialize.jl:208
│     [12] serialize_any(::Distributed.ClusterSerializer{Sockets.TCPSocket}, ::Any) at /buildworker/worker/package_linux64/build/usr/share/julia/stdlib/v1.0/Serialization/src/Serialization.jl:630
│     [13] serialize(::Distributed.ClusterSerializer{Sockets.TCPSocket}, ::Any) at /buildworker/worker/package_linux64/build/usr/share/julia/stdlib/v1.0/Serialization/src/Serialization.jl:609
│     [14] serialize_msg(::Distributed.ClusterSerializer{Sockets.TCPSocket}, ::Distributed.ResultMsg) at /buildworker/worker/package_linux64/build/usr/share/julia/stdlib/v1.0/Distributed/src/messages.jl:90
│     [15] #invokelatest#1 at ./essentials.jl:686 [inlined]
│     [16] invokelatest at ./essentials.jl:685 [inlined]
│     [17] send_msg_(::Distributed.Worker, ::Distributed.MsgHeader, ::Distributed.ResultMsg, ::Bool) at /buildworker/worker/package_linux64/build/usr/share/julia/stdlib/v1.0/Distributed/src/messages.jl:182
│     [18] send_msg_now at /buildworker/worker/package_linux64/build/usr/share/julia/stdlib/v1.0/Distributed/src/messages.jl:130 [inlined]
│     [19] send_msg_now(::Sockets.TCPSocket, ::Distributed.MsgHeader, ::Distributed.ResultMsg) at /buildworker/worker/package_linux64/build/usr/share/julia/stdlib/v1.0/Distributed/src/messages.jl:125
│     [20] deliver_result(::Sockets.TCPSocket, ::Symbol, ::Distributed.RRID, ::RemoteException) at /buildworker/worker/package_linux64/build/usr/share/julia/stdlib/v1.0/Distributed/src/process_messages.jl:88
│     [21] macro expansion at /buildworker/worker/package_linux64/build/usr/share/julia/stdlib/v1.0/Distributed/src/process_messages.jl:277 [inlined]
│     [22] (::getfield(Distributed, Symbol("##115#117")){Distributed.CallWaitMsg,Distributed.MsgHeader,Sockets.TCPSocket})() at ./task.jl:259
└ @ Distributed /buildworker/worker/package_linux64/build/usr/share/julia/stdlib/v1.0/Distributed/src/process_messages.jl:92
┌ Error: Fatal error on process 2
│   exception =
│    PyError ($(Expr(:escape, :(ccall(#= /home/td7g11/.julia/packages/PyCall/rUul9/src/pyfncall.jl:44 =# @pysym(:PyObject_Call), PyPtr, (PyPtr, PyPtr, PyPtr), o, pyargsptr, kw))))) <class 'TypeError'>
│    TypeError("can't pickle traceback objects",)
│    
│    Stacktrace:
│     [1] pyerr_check at /home/td7g11/.julia/packages/PyCall/rUul9/src/exception.jl:60 [inlined]
│     [2] pyerr_check at /home/td7g11/.julia/packages/PyCall/rUul9/src/exception.jl:64 [inlined]
│     [3] macro expansion at /home/td7g11/.julia/packages/PyCall/rUul9/src/exception.jl:84 [inlined]
│     [4] __pycall!(::PyObject, ::Ptr{PyCall.PyObject_struct}, ::PyObject, ::Ptr{Nothing}) at /home/td7g11/.julia/packages/PyCall/rUul9/src/pyfncall.jl:44
│     [5] _pycall!(::PyObject, ::PyObject, ::Tuple{PyObject}, ::Int64, ::Ptr{Nothing}) at /home/td7g11/.julia/packages/PyCall/rUul9/src/pyfncall.jl:22
│     [6] #pycall#87 at /home/td7g11/.julia/packages/PyCall/rUul9/src/pyfncall.jl:11 [inlined]
│     [7] pycall at /home/td7g11/.julia/packages/PyCall/rUul9/src/pyfncall.jl:83 [inlined]
│     [8] serialize(::Distributed.ClusterSerializer{Sockets.TCPSocket}, ::PyObject) at /home/td7g11/.julia/packages/PyCall/rUul9/src/serialize.jl:18
│     [9] serialize_any(::Distributed.ClusterSerializer{Sockets.TCPSocket}, ::Any) at /buildworker/worker/package_linux64/build/usr/share/julia/stdlib/v1.0/Serialization/src/Serialization.jl:630
│     [10] serialize(::Distributed.ClusterSerializer{Sockets.TCPSocket}, ::Any) at /buildworker/worker/package_linux64/build/usr/share/julia/stdlib/v1.0/Serialization/src/Serialization.jl:609
│     [11] serialize(::Distributed.ClusterSerializer{Sockets.TCPSocket}, ::CapturedException) at /buildworker/worker/package_linux64/build/usr/share/julia/stdlib/v1.0/Distributed/src/clusterserialize.jl:208
│     [12] serialize_any(::Distributed.ClusterSerializer{Sockets.TCPSocket}, ::Any) at /buildworker/worker/package_linux64/build/usr/share/julia/stdlib/v1.0/Serialization/src/Serialization.jl:630
│     [13] serialize(::Distributed.ClusterSerializer{Sockets.TCPSocket}, ::Any) at /buildworker/worker/package_linux64/build/usr/share/julia/stdlib/v1.0/Serialization/src/Serialization.jl:609
│     [14] serialize_msg(::Distributed.ClusterSerializer{Sockets.TCPSocket}, ::Distributed.ResultMsg) at /buildworker/worker/package_linux64/build/usr/share/julia/stdlib/v1.0/Distributed/src/messages.jl:90
│     [15] #invokelatest#1 at ./essentials.jl:686 [inlined]
│     [16] invokelatest at ./essentials.jl:685 [inlined]
│     [17] send_msg_(::Distributed.Worker, ::Distributed.MsgHeader, ::Distributed.ResultMsg, ::Bool) at /buildworker/worker/package_linux64/build/usr/share/julia/stdlib/v1.0/Distributed/src/messages.jl:182
│     [18] send_msg_now at /buildworker/worker/package_linux64/build/usr/share/julia/stdlib/v1.0/Distributed/src/messages.jl:130 [inlined]
│     [19] send_msg_now(::Sockets.TCPSocket, ::Distributed.MsgHeader, ::Distributed.ResultMsg) at /buildworker/worker/package_linux64/build/usr/share/julia/stdlib/v1.0/Distributed/src/messages.jl:125
│     [20] deliver_result(::Sockets.TCPSocket, ::Symbol, ::Distributed.RRID, ::RemoteException) at /buildworker/worker/package_linux64/build/usr/share/julia/stdlib/v1.0/Distributed/src/process_messages.jl:88
│     [21] macro expansion at /buildworker/worker/package_linux64/build/usr/share/julia/stdlib/v1.0/Distributed/src/process_messages.jl:277 [inlined]
│     [22] (::getfield(Distributed, Symbol("##115#117")){Distributed.CallWaitMsg,Distributed.MsgHeader,Sockets.TCPSocket})() at ./task.jl:259
└ @ Distributed /buildworker/worker/package_linux64/build/usr/share/julia/stdlib/v1.0/Distributed/src/process_messages.jl:92
┌ Error: Fatal error on process 7
│   exception =
│    PyError ($(Expr(:escape, :(ccall(#= /home/td7g11/.julia/packages/PyCall/rUul9/src/pyfncall.jl:44 =# @pysym(:PyObject_Call), PyPtr, (PyPtr, PyPtr, PyPtr), o, pyargsptr, kw))))) <class 'TypeError'>
│    TypeError("can't pickle traceback objects",)
│    
│    Stacktrace:
│     [1] pyerr_check at /home/td7g11/.julia/packages/PyCall/rUul9/src/exception.jl:60 [inlined]
│     [2] pyerr_check at /home/td7g11/.julia/packages/PyCall/rUul9/src/exception.jl:64 [inlined]
│     [3] macro expansion at /home/td7g11/.julia/packages/PyCall/rUul9/src/exception.jl:84 [inlined]
│     [4] __pycall!(::PyObject, ::Ptr{PyCall.PyObject_struct}, ::PyObject, ::Ptr{Nothing}) at /home/td7g11/.julia/packages/PyCall/rUul9/src/pyfncall.jl:44
│     [5] _pycall!(::PyObject, ::PyObject, ::Tuple{PyObject}, ::Int64, ::Ptr{Nothing}) at /home/td7g11/.julia/packages/PyCall/rUul9/src/pyfncall.jl:22
│     [6] #pycall#87 at /home/td7g11/.julia/packages/PyCall/rUul9/src/pyfncall.jl:11 [inlined]
│     [7] pycall at /home/td7g11/.julia/packages/PyCall/rUul9/src/pyfncall.jl:83 [inlined]
│     [8] serialize(::Distributed.ClusterSerializer{Sockets.TCPSocket}, ::PyObject) at /home/td7g11/.julia/packages/PyCall/rUul9/src/serialize.jl:18
│     [9] serialize_any(::Distributed.ClusterSerializer{Sockets.TCPSocket}, ::Any) at /buildworker/worker/package_linux64/build/usr/share/julia/stdlib/v1.0/Serialization/src/Serialization.jl:630
│     [10] serialize(::Distributed.ClusterSerializer{Sockets.TCPSocket}, ::Any) at /buildworker/worker/package_linux64/build/usr/share/julia/stdlib/v1.0/Serialization/src/Serialization.jl:609
│     [11] serialize(::Distributed.ClusterSerializer{Sockets.TCPSocket}, ::CapturedException) at /buildworker/worker/package_linux64/build/usr/share/julia/stdlib/v1.0/Distributed/src/clusterserialize.jl:208
│     [12] serialize_any(::Distributed.ClusterSerializer{Sockets.TCPSocket}, ::Any) at /buildworker/worker/package_linux64/build/usr/share/julia/stdlib/v1.0/Serialization/src/Serialization.jl:630
│     [13] serialize(::Distributed.ClusterSerializer{Sockets.TCPSocket}, ::Any) at /buildworker/worker/package_linux64/build/usr/share/julia/stdlib/v1.0/Serialization/src/Serialization.jl:609
│     [14] serialize_msg(::Distributed.ClusterSerializer{Sockets.TCPSocket}, ::Distributed.ResultMsg) at /buildworker/worker/package_linux64/build/usr/share/julia/stdlib/v1.0/Distributed/src/messages.jl:90
│     [15] #invokelatest#1 at ./essentials.jl:686 [inlined]
│     [16] invokelatest at ./essentials.jl:685 [inlined]
│     [17] send_msg_(::Distributed.Worker, ::Distributed.MsgHeader, ::Distributed.ResultMsg, ::Bool) at /buildworker/worker/package_linux64/build/usr/share/julia/stdlib/v1.0/Distributed/src/messages.jl:182
│     [18] send_msg_now at /buildworker/worker/package_linux64/build/usr/share/julia/stdlib/v1.0/Distributed/src/messages.jl:130 [inlined]
│     [19] send_msg_now(::Sockets.TCPSocket, ::Distributed.MsgHeader, ::Distributed.ResultMsg) at /buildworker/worker/package_linux64/build/usr/share/julia/stdlib/v1.0/Distributed/src/messages.jl:125
│     [20] deliver_result(::Sockets.TCPSocket, ::Symbol, ::Distributed.RRID, ::RemoteException) at /buildworker/worker/package_linux64/build/usr/share/julia/stdlib/v1.0/Distributed/src/process_messages.jl:88
│     [21] macro expansion at /buildworker/worker/package_linux64/build/usr/share/julia/stdlib/v1.0/Distributed/src/process_messages.jl:277 [inlined]
│     [22] (::getfield(Distributed, Symbol("##115#117")){Distributed.CallWaitMsg,Distributed.MsgHeader,Sockets.TCPSocket})() at ./task.jl:259
└ @ Distributed /buildworker/worker/package_linux64/build/usr/share/julia/stdlib/v1.0/Distributed/src/process_messages.jl:92
┌ Error: Fatal error on process 4
│   exception =
│    PyError ($(Expr(:escape, :(ccall(#= /home/td7g11/.julia/packages/PyCall/rUul9/src/pyfncall.jl:44 =# @pysym(:PyObject_Call), PyPtr, (PyPtr, PyPtr, PyPtr), o, pyargsptr, kw))))) <class 'TypeError'>
│    TypeError("can't pickle traceback objects",)
│    
│    Stacktrace:
│     [1] pyerr_check at /home/td7g11/.julia/packages/PyCall/rUul9/src/exception.jl:60 [inlined]
│     [2] pyerr_check at /home/td7g11/.julia/packages/PyCall/rUul9/src/exception.jl:64 [inlined]
│     [3] macro expansion at /home/td7g11/.julia/packages/PyCall/rUul9/src/exception.jl:84 [inlined]
│     [4] __pycall!(::PyObject, ::Ptr{PyCall.PyObject_struct}, ::PyObject, ::Ptr{Nothing}) at /home/td7g11/.julia/packages/PyCall/rUul9/src/pyfncall.jl:44
│     [5] _pycall!(::PyObject, ::PyObject, ::Tuple{PyObject}, ::Int64, ::Ptr{Nothing}) at /home/td7g11/.julia/packages/PyCall/rUul9/src/pyfncall.jl:22
│     [6] #pycall#87 at /home/td7g11/.julia/packages/PyCall/rUul9/src/pyfncall.jl:11 [inlined]
│     [7] pycall at /home/td7g11/.julia/packages/PyCall/rUul9/src/pyfncall.jl:83 [inlined]
│     [8] serialize(::Distributed.ClusterSerializer{Sockets.TCPSocket}, ::PyObject) at /home/td7g11/.julia/packages/PyCall/rUul9/src/serialize.jl:18
│     [9] serialize_any(::Distributed.ClusterSerializer{Sockets.TCPSocket}, ::Any) at /buildworker/worker/package_linux64/build/usr/share/julia/stdlib/v1.0/Serialization/src/Serialization.jl:630
│     [10] serialize(::Distributed.ClusterSerializer{Sockets.TCPSocket}, ::Any) at /buildworker/worker/package_linux64/build/usr/share/julia/stdlib/v1.0/Serialization/src/Serialization.jl:609
│     [11] serialize(::Distributed.ClusterSerializer{Sockets.TCPSocket}, ::CapturedException) at /buildworker/worker/package_linux64/build/usr/share/julia/stdlib/v1.0/Distributed/src/clusterserialize.jl:208
│     [12] serialize_any(::Distributed.ClusterSerializer{Sockets.TCPSocket}, ::Any) at /buildworker/worker/package_linux64/build/usr/share/julia/stdlib/v1.0/Serialization/src/Serialization.jl:630
│     [13] serialize(::Distributed.ClusterSerializer{Sockets.TCPSocket}, ::Any) at /buildworker/worker/package_linux64/build/usr/share/julia/stdlib/v1.0/Serialization/src/Serialization.jl:609
│     [14] serialize_msg(::Distributed.ClusterSerializer{Sockets.TCPSocket}, ::Distributed.ResultMsg) at /buildworker/worker/package_linux64/build/usr/share/julia/stdlib/v1.0/Distributed/src/messages.jl:90
│     [15] #invokelatest#1 at ./essentials.jl:686 [inlined]
│     [16] invokelatest at ./essentials.jl:685 [inlined]
│     [17] send_msg_(::Distributed.Worker, ::Distributed.MsgHeader, ::Distributed.ResultMsg, ::Bool) at /buildworker/worker/package_linux64/build/usr/share/julia/stdlib/v1.0/Distributed/src/messages.jl:182
│     [18] send_msg_now at /buildworker/worker/package_linux64/build/usr/share/julia/stdlib/v1.0/Distributed/src/messages.jl:130 [inlined]
│     [19] send_msg_now(::Sockets.TCPSocket, ::Distributed.MsgHeader, ::Distributed.ResultMsg) at /buildworker/worker/package_linux64/build/usr/share/julia/stdlib/v1.0/Distributed/src/messages.jl:125
│     [20] deliver_result(::Sockets.TCPSocket, ::Symbol, ::Distributed.RRID, ::RemoteException) at /buildworker/worker/package_linux64/build/usr/share/julia/stdlib/v1.0/Distributed/src/process_messages.jl:88
│     [21] macro expansion at /buildworker/worker/package_linux64/build/usr/share/julia/stdlib/v1.0/Distributed/src/process_messages.jl:277 [inlined]
│     [22] (::getfield(Distributed, Symbol("##115#117")){Distributed.CallWaitMsg,Distributed.MsgHeader,Sockets.TCPSocket})() at ./task.jl:259
└ @ Distributed /buildworker/worker/package_linux64/build/usr/share/julia/stdlib/v1.0/Distributed/src/process_messages.jl:92
┌ Error: Fatal error on process 5
│   exception =
│    PyError ($(Expr(:escape, :(ccall(#= /home/td7g11/.julia/packages/PyCall/rUul9/src/pyfncall.jl:44 =# @pysym(:PyObject_Call), PyPtr, (PyPtr, PyPtr, PyPtr), o, pyargsptr, kw))))) <class 'TypeError'>
│    TypeError("can't pickle traceback objects",)
│    
│    Stacktrace:
│     [1] pyerr_check at /home/td7g11/.julia/packages/PyCall/rUul9/src/exception.jl:60 [inlined]
│     [2] pyerr_check at /home/td7g11/.julia/packages/PyCall/rUul9/src/exception.jl:64 [inlined]
│     [3] macro expansion at /home/td7g11/.julia/packages/PyCall/rUul9/src/exception.jl:84 [inlined]
│     [4] __pycall!(::PyObject, ::Ptr{PyCall.PyObject_struct}, ::PyObject, ::Ptr{Nothing}) at /home/td7g11/.julia/packages/PyCall/rUul9/src/pyfncall.jl:44
│     [5] _pycall!(::PyObject, ::PyObject, ::Tuple{PyObject}, ::Int64, ::Ptr{Nothing}) at /home/td7g11/.julia/packages/PyCall/rUul9/src/pyfncall.jl:22
│     [6] #pycall#87 at /home/td7g11/.julia/packages/PyCall/rUul9/src/pyfncall.jl:11 [inlined]
│     [7] pycall at /home/td7g11/.julia/packages/PyCall/rUul9/src/pyfncall.jl:83 [inlined]
│     [8] serialize(::Distributed.ClusterSerializer{Sockets.TCPSocket}, ::PyObject) at /home/td7g11/.julia/packages/PyCall/rUul9/src/serialize.jl:18
│     [9] serialize_any(::Distributed.ClusterSerializer{Sockets.TCPSocket}, ::Any) at /buildworker/worker/package_linux64/build/usr/share/julia/stdlib/v1.0/Serialization/src/Serialization.jl:630
│     [10] serialize(::Distributed.ClusterSerializer{Sockets.TCPSocket}, ::Any) at /buildworker/worker/package_linux64/build/usr/share/julia/stdlib/v1.0/Serialization/src/Serialization.jl:609
│     [11] serialize(::Distributed.ClusterSerializer{Sockets.TCPSocket}, ::CapturedException) at /buildworker/worker/package_linux64/build/usr/share/julia/stdlib/v1.0/Distributed/src/clusterserialize.jl:208
│     [12] serialize_any(::Distributed.ClusterSerializer{Sockets.TCPSocket}, ::Any) at /buildworker/worker/package_linux64/build/usr/share/julia/stdlib/v1.0/Serialization/src/Serialization.jl:630
│     [13] serialize(::Distributed.ClusterSerializer{Sockets.TCPSocket}, ::Any) at /buildworker/worker/package_linux64/build/usr/share/julia/stdlib/v1.0/Serialization/src/Serialization.jl:609
│     [14] serialize_msg(::Distributed.ClusterSerializer{Sockets.TCPSocket}, ::Distributed.ResultMsg) at /buildworker/worker/package_linux64/build/usr/share/julia/stdlib/v1.0/Distributed/src/messages.jl:90
│     [15] #invokelatest#1 at ./essentials.jl:686 [inlined]
│     [16] invokelatest at ./essentials.jl:685 [inlined]
│     [17] send_msg_(::Distributed.Worker, ::Distributed.MsgHeader, ::Distributed.ResultMsg, ::Bool) at /buildworker/worker/package_linux64/build/usr/share/julia/stdlib/v1.0/Distributed/src/messages.jl:182
│     [18] send_msg_now at /buildworker/worker/package_linux64/build/usr/share/julia/stdlib/v1.0/Distributed/src/messages.jl:130 [inlined]
│     [19] send_msg_now(::Sockets.TCPSocket, ::Distributed.MsgHeader, ::Distributed.ResultMsg) at /buildworker/worker/package_linux64/build/usr/share/julia/stdlib/v1.0/Distributed/src/messages.jl:125
│     [20] deliver_result(::Sockets.TCPSocket, ::Symbol, ::Distributed.RRID, ::RemoteException) at /buildworker/worker/package_linux64/build/usr/share/julia/stdlib/v1.0/Distributed/src/process_messages.jl:88
│     [21] macro expansion at /buildworker/worker/package_linux64/build/usr/share/julia/stdlib/v1.0/Distributed/src/process_messages.jl:277 [inlined]
│     [22] (::getfield(Distributed, Symbol("##115#117")){Distributed.CallWaitMsg,Distributed.MsgHeader,Sockets.TCPSocket})() at ./task.jl:259
└ @ Distributed /buildworker/worker/package_linux64/build/usr/share/julia/stdlib/v1.0/Distributed/src/process_messages.jl:92
┌ Error: Fatal error on process 9
│   exception =
│    PyError ($(Expr(:escape, :(ccall(#= /home/td7g11/.julia/packages/PyCall/rUul9/src/pyfncall.jl:44 =# @pysym(:PyObject_Call), PyPtr, (PyPtr, PyPtr, PyPtr), o, pyargsptr, kw))))) <class 'TypeError'>
│    TypeError("can't pickle traceback objects",)
│    
│    Stacktrace:
│     [1] pyerr_check at /home/td7g11/.julia/packages/PyCall/rUul9/src/exception.jl:60 [inlined]
│     [2] pyerr_check at /home/td7g11/.julia/packages/PyCall/rUul9/src/exception.jl:64 [inlined]
│     [3] macro expansion at /home/td7g11/.julia/packages/PyCall/rUul9/src/exception.jl:84 [inlined]
│     [4] __pycall!(::PyObject, ::Ptr{PyCall.PyObject_struct}, ::PyObject, ::Ptr{Nothing}) at /home/td7g11/.julia/packages/PyCall/rUul9/src/pyfncall.jl:44
│     [5] _pycall!(::PyObject, ::PyObject, ::Tuple{PyObject}, ::Int64, ::Ptr{Nothing}) at /home/td7g11/.julia/packages/PyCall/rUul9/src/pyfncall.jl:22
│     [6] #pycall#87 at /home/td7g11/.julia/packages/PyCall/rUul9/src/pyfncall.jl:11 [inlined]
│     [7] pycall at /home/td7g11/.julia/packages/PyCall/rUul9/src/pyfncall.jl:83 [inlined]
│     [8] serialize(::Distributed.ClusterSerializer{Sockets.TCPSocket}, ::PyObject) at /home/td7g11/.julia/packages/PyCall/rUul9/src/serialize.jl:18
│     [9] serialize_any(::Distributed.ClusterSerializer{Sockets.TCPSocket}, ::Any) at /buildworker/worker/package_linux64/build/usr/share/julia/stdlib/v1.0/Serialization/src/Serialization.jl:630
│     [10] serialize(::Distributed.ClusterSerializer{Sockets.TCPSocket}, ::Any) at /buildworker/worker/package_linux64/build/usr/share/julia/stdlib/v1.0/Serialization/src/Serialization.jl:609
│     [11] serialize(::Distributed.ClusterSerializer{Sockets.TCPSocket}, ::CapturedException) at /buildworker/worker/package_linux64/build/usr/share/julia/stdlib/v1.0/Distributed/src/clusterserialize.jl:208
│     [12] serialize_any(::Distributed.ClusterSerializer{Sockets.TCPSocket}, ::Any) at /buildworker/worker/package_linux64/build/usr/share/julia/stdlib/v1.0/Serialization/src/Serialization.jl:630
│     [13] serialize(::Distributed.ClusterSerializer{Sockets.TCPSocket}, ::Any) at /buildworker/worker/package_linux64/build/usr/share/julia/stdlib/v1.0/Serialization/src/Serialization.jl:609
│     [14] serialize_msg(::Distributed.ClusterSerializer{Sockets.TCPSocket}, ::Distributed.ResultMsg) at /buildworker/worker/package_linux64/build/usr/share/julia/stdlib/v1.0/Distributed/src/messages.jl:90
│     [15] #invokelatest#1 at ./essentials.jl:686 [inlined]
│     [16] invokelatest at ./essentials.jl:685 [inlined]
│     [17] send_msg_(::Distributed.Worker, ::Distributed.MsgHeader, ::Distributed.ResultMsg, ::Bool) at /buildworker/worker/package_linux64/build/usr/share/julia/stdlib/v1.0/Distributed/src/messages.jl:182
│     [18] send_msg_now at /buildworker/worker/package_linux64/build/usr/share/julia/stdlib/v1.0/Distributed/src/messages.jl:130 [inlined]
│     [19] send_msg_now(::Sockets.TCPSocket, ::Distributed.MsgHeader, ::Distributed.ResultMsg) at /buildworker/worker/package_linux64/build/usr/share/julia/stdlib/v1.0/Distributed/src/messages.jl:125
│     [20] deliver_result(::Sockets.TCPSocket, ::Symbol, ::Distributed.RRID, ::RemoteException) at /buildworker/worker/package_linux64/build/usr/share/julia/stdlib/v1.0/Distributed/src/process_messages.jl:88
│     [21] macro expansion at /buildworker/worker/package_linux64/build/usr/share/julia/stdlib/v1.0/Distributed/src/process_messages.jl:277 [inlined]
│     [22] (::getfield(Distributed, Symbol("##115#117")){Distributed.CallWaitMsg,Distributed.MsgHeader,Sockets.TCPSocket})() at ./task.jl:259
└ @ Distributed /buildworker/worker/package_linux64/build/usr/share/julia/stdlib/v1.0/Distributed/src/process_messages.jl:92
┌ Error: Fatal error on process 6
│   exception =
│    PyError ($(Expr(:escape, :(ccall(#= /home/td7g11/.julia/packages/PyCall/rUul9/src/pyfncall.jl:44 =# @pysym(:PyObject_Call), PyPtr, (PyPtr, PyPtr, PyPtr), o, pyargsptr, kw))))) <class 'TypeError'>
│    TypeError("can't pickle traceback objects",)
│    
│    Stacktrace:
│     [1] pyerr_check at /home/td7g11/.julia/packages/PyCall/rUul9/src/exception.jl:60 [inlined]
│     [2] pyerr_check at /home/td7g11/.julia/packages/PyCall/rUul9/src/exception.jl:64 [inlined]
│     [3] macro expansion at /home/td7g11/.julia/packages/PyCall/rUul9/src/exception.jl:84 [inlined]
│     [4] __pycall!(::PyObject, ::Ptr{PyCall.PyObject_struct}, ::PyObject, ::Ptr{Nothing}) at /home/td7g11/.julia/packages/PyCall/rUul9/src/pyfncall.jl:44
│     [5] _pycall!(::PyObject, ::PyObject, ::Tuple{PyObject}, ::Int64, ::Ptr{Nothing}) at /home/td7g11/.julia/packages/PyCall/rUul9/src/pyfncall.jl:22
│     [6] #pycall#87 at /home/td7g11/.julia/packages/PyCall/rUul9/src/pyfncall.jl:11 [inlined]
│     [7] pycall at /home/td7g11/.julia/packages/PyCall/rUul9/src/pyfncall.jl:83 [inlined]
│     [8] serialize(::Distributed.ClusterSerializer{Sockets.TCPSocket}, ::PyObject) at /home/td7g11/.julia/packages/PyCall/rUul9/src/serialize.jl:18
│     [9] serialize_any(::Distributed.ClusterSerializer{Sockets.TCPSocket}, ::Any) at /buildworker/worker/package_linux64/build/usr/share/julia/stdlib/v1.0/Serialization/src/Serialization.jl:630
│     [10] serialize(::Distributed.ClusterSerializer{Sockets.TCPSocket}, ::Any) at /buildworker/worker/package_linux64/build/usr/share/julia/stdlib/v1.0/Serialization/src/Serialization.jl:609
│     [11] serialize(::Distributed.ClusterSerializer{Sockets.TCPSocket}, ::CapturedException) at /buildworker/worker/package_linux64/build/usr/share/julia/stdlib/v1.0/Distributed/src/clusterserialize.jl:208
│     [12] serialize_any(::Distributed.ClusterSerializer{Sockets.TCPSocket}, ::Any) at /buildworker/worker/package_linux64/build/usr/share/julia/stdlib/v1.0/Serialization/src/Serialization.jl:630
│     [13] serialize(::Distributed.ClusterSerializer{Sockets.TCPSocket}, ::Any) at /buildworker/worker/package_linux64/build/usr/share/julia/stdlib/v1.0/Serialization/src/Serialization.jl:609
│     [14] serialize_msg(::Distributed.ClusterSerializer{Sockets.TCPSocket}, ::Distributed.ResultMsg) at /buildworker/worker/package_linux64/build/usr/share/julia/stdlib/v1.0/Distributed/src/messages.jl:90
│     [15] #invokelatest#1 at ./essentials.jl:686 [inlined]
│     [16] invokelatest at ./essentials.jl:685 [inlined]
│     [17] send_msg_(::Distributed.Worker, ::Distributed.MsgHeader, ::Distributed.ResultMsg, ::Bool) at /buildworker/worker/package_linux64/build/usr/share/julia/stdlib/v1.0/Distributed/src/messages.jl:182
│     [18] send_msg_now at /buildworker/worker/package_linux64/build/usr/share/julia/stdlib/v1.0/Distributed/src/messages.jl:130 [inlined]
│     [19] send_msg_now(::Sockets.TCPSocket, ::Distributed.MsgHeader, ::Distributed.ResultMsg) at /buildworker/worker/package_linux64/build/usr/share/julia/stdlib/v1.0/Distributed/src/messages.jl:125
│     [20] deliver_result(::Sockets.TCPSocket, ::Symbol, ::Distributed.RRID, ::RemoteException) at /buildworker/worker/package_linux64/build/usr/share/julia/stdlib/v1.0/Distributed/src/process_messages.jl:88
│     [21] macro expansion at /buildworker/worker/package_linux64/build/usr/share/julia/stdlib/v1.0/Distributed/src/process_messages.jl:277 [inlined]
│     [22] (::getfield(Distributed, Symbol("##115#117")){Distributed.CallWaitMsg,Distributed.MsgHeader,Sockets.TCPSocket})() at ./task.jl:259
└ @ Distributed /buildworker/worker/package_linux64/build/usr/share/julia/stdlib/v1.0/Distributed/src/process_messages.jl:92
┌ Error: Fatal error on process 10
│   exception =
│    PyError ($(Expr(:escape, :(ccall(#= /home/td7g11/.julia/packages/PyCall/rUul9/src/pyfncall.jl:44 =# @pysym(:PyObject_Call), PyPtr, (PyPtr, PyPtr, PyPtr), o, pyargsptr, kw))))) <class 'TypeError'>
│    TypeError("can't pickle traceback objects",)
│    
│    Stacktrace:
│     [1] pyerr_check at /home/td7g11/.julia/packages/PyCall/rUul9/src/exception.jl:60 [inlined]
│     [2] pyerr_check at /home/td7g11/.julia/packages/PyCall/rUul9/src/exception.jl:64 [inlined]
│     [3] macro expansion at /home/td7g11/.julia/packages/PyCall/rUul9/src/exception.jl:84 [inlined]
│     [4] __pycall!(::PyObject, ::Ptr{PyCall.PyObject_struct}, ::PyObject, ::Ptr{Nothing}) at /home/td7g11/.julia/packages/PyCall/rUul9/src/pyfncall.jl:44
│     [5] _pycall!(::PyObject, ::PyObject, ::Tuple{PyObject}, ::Int64, ::Ptr{Nothing}) at /home/td7g11/.julia/packages/PyCall/rUul9/src/pyfncall.jl:22
│     [6] #pycall#87 at /home/td7g11/.julia/packages/PyCall/rUul9/src/pyfncall.jl:11 [inlined]
│     [7] pycall at /home/td7g11/.julia/packages/PyCall/rUul9/src/pyfncall.jl:83 [inlined]
│     [8] serialize(::Distributed.ClusterSerializer{Sockets.TCPSocket}, ::PyObject) at /home/td7g11/.julia/packages/PyCall/rUul9/src/serialize.jl:18
│     [9] serialize_any(::Distributed.ClusterSerializer{Sockets.TCPSocket}, ::Any) at /buildworker/worker/package_linux64/build/usr/share/julia/stdlib/v1.0/Serialization/src/Serialization.jl:630
│     [10] serialize(::Distributed.ClusterSerializer{Sockets.TCPSocket}, ::Any) at /buildworker/worker/package_linux64/build/usr/share/julia/stdlib/v1.0/Serialization/src/Serialization.jl:609
│     [11] serialize(::Distributed.ClusterSerializer{Sockets.TCPSocket}, ::CapturedException) at /buildworker/worker/package_linux64/build/usr/share/julia/stdlib/v1.0/Distributed/src/clusterserialize.jl:208
│     [12] serialize_any(::Distributed.ClusterSerializer{Sockets.TCPSocket}, ::Any) at /buildworker/worker/package_linux64/build/usr/share/julia/stdlib/v1.0/Serialization/src/Serialization.jl:630
│     [13] serialize(::Distributed.ClusterSerializer{Sockets.TCPSocket}, ::Any) at /buildworker/worker/package_linux64/build/usr/share/julia/stdlib/v1.0/Serialization/src/Serialization.jl:609
│     [14] serialize_msg(::Distributed.ClusterSerializer{Sockets.TCPSocket}, ::Distributed.ResultMsg) at /buildworker/worker/package_linux64/build/usr/share/julia/stdlib/v1.0/Distributed/src/messages.jl:90
│     [15] #invokelatest#1 at ./essentials.jl:686 [inlined]
│     [16] invokelatest at ./essentials.jl:685 [inlined]
│     [17] send_msg_(::Distributed.Worker, ::Distributed.MsgHeader, ::Distributed.ResultMsg, ::Bool) at /buildworker/worker/package_linux64/build/usr/share/julia/stdlib/v1.0/Distributed/src/messages.jl:182
│     [18] send_msg_now at /buildworker/worker/package_linux64/build/usr/share/julia/stdlib/v1.0/Distributed/src/messages.jl:130 [inlined]
│     [19] send_msg_now(::Sockets.TCPSocket, ::Distributed.MsgHeader, ::Distributed.ResultMsg) at /buildworker/worker/package_linux64/build/usr/share/julia/stdlib/v1.0/Distributed/src/messages.jl:125
│     [20] deliver_result(::Sockets.TCPSocket, ::Symbol, ::Distributed.RRID, ::RemoteException) at /buildworker/worker/package_linux64/build/usr/share/julia/stdlib/v1.0/Distributed/src/process_messages.jl:88
│     [21] macro expansion at /buildworker/worker/package_linux64/build/usr/share/julia/stdlib/v1.0/Distributed/src/process_messages.jl:277 [inlined]
│     [22] (::getfield(Distributed, Symbol("##115#117")){Distributed.CallWaitMsg,Distributed.MsgHeader,Sockets.TCPSocket})() at ./task.jl:259
└ @ Distributed /buildworker/worker/package_linux64/build/usr/share/julia/stdlib/v1.0/Distributed/src/process_messages.jl:92
┌ Error: Fatal error on process 3
│   exception =
│    PyError ($(Expr(:escape, :(ccall(#= /home/td7g11/.julia/packages/PyCall/rUul9/src/pyfncall.jl:44 =# @pysym(:PyObject_Call), PyPtr, (PyPtr, PyPtr, PyPtr), o, pyargsptr, kw))))) <class 'TypeError'>
│    TypeError("can't pickle traceback objects",)
│    
│    Stacktrace:
│     [1] pyerr_check at /home/td7g11/.julia/packages/PyCall/rUul9/src/exception.jl:60 [inlined]
│     [2] pyerr_check at /home/td7g11/.julia/packages/PyCall/rUul9/src/exception.jl:64 [inlined]
│     [3] macro expansion at /home/td7g11/.julia/packages/PyCall/rUul9/src/exception.jl:84 [inlined]
│     [4] __pycall!(::PyObject, ::Ptr{PyCall.PyObject_struct}, ::PyObject, ::Ptr{Nothing}) at /home/td7g11/.julia/packages/PyCall/rUul9/src/pyfncall.jl:44
│     [5] _pycall!(::PyObject, ::PyObject, ::Tuple{PyObject}, ::Int64, ::Ptr{Nothing}) at /home/td7g11/.julia/packages/PyCall/rUul9/src/pyfncall.jl:22
│     [6] #pycall#87 at /home/td7g11/.julia/packages/PyCall/rUul9/src/pyfncall.jl:11 [inlined]
│     [7] pycall at /home/td7g11/.julia/packages/PyCall/rUul9/src/pyfncall.jl:83 [inlined]
│     [8] serialize(::Distributed.ClusterSerializer{Sockets.TCPSocket}, ::PyObject) at /home/td7g11/.julia/packages/PyCall/rUul9/src/serialize.jl:18
│     [9] serialize_any(::Distributed.ClusterSerializer{Sockets.TCPSocket}, ::Any) at /buildworker/worker/package_linux64/build/usr/share/julia/stdlib/v1.0/Serialization/src/Serialization.jl:630
│     [10] serialize(::Distributed.ClusterSerializer{Sockets.TCPSocket}, ::Any) at /buildworker/worker/package_linux64/build/usr/share/julia/stdlib/v1.0/Serialization/src/Serialization.jl:609
│     [11] serialize(::Distributed.ClusterSerializer{Sockets.TCPSocket}, ::CapturedException) at /buildworker/worker/package_linux64/build/usr/share/julia/stdlib/v1.0/Distributed/src/clusterserialize.jl:208
│     [12] serialize_any(::Distributed.ClusterSerializer{Sockets.TCPSocket}, ::Any) at /buildworker/worker/package_linux64/build/usr/share/julia/stdlib/v1.0/Serialization/src/Serialization.jl:630
│     [13] serialize(::Distributed.ClusterSerializer{Sockets.TCPSocket}, ::Any) at /buildworker/worker/package_linux64/build/usr/share/julia/stdlib/v1.0/Serialization/src/Serialization.jl:609
│     [14] serialize_msg(::Distributed.ClusterSerializer{Sockets.TCPSocket}, ::Distributed.ResultMsg) at /buildworker/worker/package_linux64/build/usr/share/julia/stdlib/v1.0/Distributed/src/messages.jl:90
│     [15] #invokelatest#1 at ./essentials.jl:686 [inlined]
│     [16] invokelatest at ./essentials.jl:685 [inlined]
│     [17] send_msg_(::Distributed.Worker, ::Distributed.MsgHeader, ::Distributed.ResultMsg, ::Bool) at /buildworker/worker/package_linux64/build/usr/share/julia/stdlib/v1.0/Distributed/src/messages.jl:182
│     [18] send_msg_now at /buildworker/worker/package_linux64/build/usr/share/julia/stdlib/v1.0/Distributed/src/messages.jl:130 [inlined]
│     [19] send_msg_now(::Sockets.TCPSocket, ::Distributed.MsgHeader, ::Distributed.ResultMsg) at /buildworker/worker/package_linux64/build/usr/share/julia/stdlib/v1.0/Distributed/src/messages.jl:125
│     [20] deliver_result(::Sockets.TCPSocket, ::Symbol, ::Distributed.RRID, ::RemoteException) at /buildworker/worker/package_linux64/build/usr/share/julia/stdlib/v1.0/Distributed/src/process_messages.jl:88
│     [21] macro expansion at /buildworker/worker/package_linux64/build/usr/share/julia/stdlib/v1.0/Distributed/src/process_messages.jl:277 [inlined]
│     [22] (::getfield(Distributed, Symbol("##115#117")){Distributed.CallWaitMsg,Distributed.MsgHeader,Sockets.TCPSocket})() at ./task.jl:259
└ @ Distributed /buildworker/worker/package_linux64/build/usr/share/julia/stdlib/v1.0/Distributed/src/process_messages.jl:92
Worker 8 terminated.
Worker 9 terminated.
Worker 7 terminated.
Worker 5 terminated.
Worker 4 terminated.
Worker 2 terminated.
Worker 6 terminated.
Worker 10 terminated.
Worker 3 terminated.
ERROR: ProcessExitedException()
try_yieldto(::typeof(Base.ensure_rescheduled), ::Base.RefValue{Task}) at ./event.jl:196
wait() at ./event.jl:255
wait(::Condition) at ./event.jl:46
wait_impl at ./channels.jl:353 [inlined]
wait at ./channels.jl:349 [inlined]
fetch_buffered at ./channels.jl:292 [inlined]
fetch(::Channel{Any}) at ./channels.jl:290
#remotecall_wait#154(::Base.Iterators.Pairs{Union{},Union{},Tuple{},NamedTuple{(),Tuple{}}}, ::Function, ::Function, ::Distributed.Worker, ::SharedArray{Float64,2}, ::Vararg{Any,N} where N) at /buildworker/worker/package_linux64/build/usr/share/julia/stdlib/v1.0/Distributed/src/remotecall.jl:403
remotecall_wait(::Function, ::Distributed.Worker, ::SharedArray{Float64,2}, ::Vararg{Any,N} where N) at /buildworker/worker/package_linux64/build/usr/share/julia/stdlib/v1.0/Distributed/src/remotecall.jl:398
#remotecall_wait#157(::Base.Iterators.Pairs{Union{},Union{},Tuple{},NamedTuple{(),Tuple{}}}, ::Function, ::Function, ::Int64, ::SharedArray{Float64,2}, ::Vararg{Any,N} where N) at /buildworker/worker/package_linux64/build/usr/share/julia/stdlib/v1.0/Distributed/src/remotecall.jl:419
remotecall_wait(::Function, ::Int64, ::SharedArray{Float64,2}, ::Vararg{Any,N} where N) at /buildworker/worker/package_linux64/build/usr/share/julia/stdlib/v1.0/Distributed/src/remotecall.jl:419
(::getfield(Main, Symbol("##16#18")){Array{Performance,1},SharedArray{Float64,2}})() at ./task.jl:259

...and 8 more exception(s).

Stacktrace:
 [1] sync_end(::Array{Any,1}) at ./task.jl:226
 [2] parallize_uncertain_routing() at ./none:87
 [3] top-level scope at none:0
==============================================================================
Running epilogue script on red097.

Submit time  : 2018-09-28T11:16:25
Start time   : 2018-09-28T11:16:25
End time     : 2018-09-28T11:30:06
Elapsed time : 00:13:41 (Timelimit=20:00:00)

Job ID: 149831
Cluster: i5
User/Group: td7g11/mm
State: COMPLETED (exit code 0)
Nodes: 1
Cores per node: 10
CPU Utilized: 00:13:27
**** Please note that the CPU efficency of your job is less than 50% ****
**** Ask the HPC team for advice -- if you need it
**** CPU Efficiency: 9.83% of 02:16:50 core-walltime

Memory Utilized: 7.62 GB

