Running SLURM prolog script on red057.cluster.local
===============================================================================
Job started on Thu Sep 13 18:51:53 BST 2018
Job ID          : 143033
Job name        : submit_multiple
WorkDir         : /mainfs/home/td7g11/sail_route.jl/development
Partition       : batch
Num hosts       : 1
Num cores       : 40
Num of tasks    : 40
Hosts allocated : red057
Job Output Follows ...
===============================================================================
==============================================================================
Running epilogue script on red057.

Submit time  : 2018-09-13T18:51:53
Start time   : 2018-09-13T18:51:53
End time     : 2018-09-14T03:56:58
Elapsed time : 09:05:05 (Timelimit=1-16:00:00)

Job ID: 143033
Cluster: i5
User/Group: td7g11/mm
State: COMPLETED (exit code 0)
Nodes: 1
Cores per node: 40
CPU Utilized: 18:46:39
**** Please note that the CPU efficency of your job is less than 50% ****
**** Ask the HPC team for advice -- if you need it
**** CPU Efficiency: 5.17% of 15-03:23:20 core-walltime

Memory Utilized: 163.35 GB

