Running SLURM prolog script on red023.cluster.local
===============================================================================
Job started on Thu Aug 23 10:33:21 BST 2018
Job ID          : 133827
Job name        : submit_single_weather_route
WorkDir         : /mainfs/home/td7g11/sail_route.jl/development
Partition       : batch
Num hosts       : 1
Num cores       : 10
Num of tasks    : 10
Hosts allocated : red023
Job Output Follows ...
===============================================================================
==============================================================================
Running epilogue script on red023.

Submit time  : 2018-08-23T10:33:20
Start time   : 2018-08-23T10:33:20
End time     : 2018-08-23T10:35:11
Elapsed time : 00:01:51 (Timelimit=20:00:00)

Job ID: 133827
Cluster: i5
User/Group: td7g11/mm
State: COMPLETED (exit code 0)
Nodes: 1
Cores per node: 10
CPU Utilized: 00:01:52
**** Please note that the CPU efficency of your job is less than 50% ****
**** Ask the HPC team for advice -- if you need it
**** CPU Efficiency: 10.09% of 00:18:30 core-walltime

Memory Utilized: 1.07 GB

