Running SLURM prolog script on red027.cluster.local
===============================================================================
Job started on Fri Oct  5 13:56:14 BST 2018
Job ID          : 157631
Job name        : submit_single_weather_route
WorkDir         : /mainfs/home/td7g11/sail_route.jl/development
Partition       : batch
Num hosts       : 1
Num cores       : 20
Num of tasks    : 20
Hosts allocated : red027
Job Output Follows ...
===============================================================================
slurmstepd: error: *** JOB 157631 ON red027 CANCELLED AT 2018-10-05T13:58:50 ***
==============================================================================
Running epilogue script on red027.

Submit time  : 2018-10-05T13:56:11
Start time   : 2018-10-05T13:56:14
End time     : 2018-10-05T13:58:50
Elapsed time : 00:02:36 (Timelimit=20:00:00)


