Running SLURM prolog script on red027.cluster.local
===============================================================================
Job started on Fri Oct  5 14:22:55 BST 2018
Job ID          : 157658
Job name        : submit_single_weather_route
WorkDir         : /mainfs/home/td7g11/sail_route.jl/development
Partition       : batch
Num hosts       : 1
Num cores       : 20
Num of tasks    : 20
Hosts allocated : red027
Job Output Follows ...
===============================================================================
┌ Error: Fatal error on process 19
│   exception =
│    PyError ($(Expr(:escape, :(ccall(#= /home/td7g11/.julia/packages/PyCall/rUul9/src/pyfncall.jl:44 =# @pysym(:PyObject_Call), PyPtr, (PyPtr, PyPtr, PyPtr), o, pyargsptr, kw))))) <class 'TypeError'>
│    TypeError("can't pickle traceback objects",)
│    
│    Stacktrace:
│     [1] pyerr_check at /home/td7g11/.julia/packages/PyCall/rUul9/src/exception.jl:60 [inlined]
│     [2] pyerr_check at /home/td7g11/.julia/packages/PyCall/rUul9/src/exception.jl:64 [inlined]
│     [3] macro expansion at /home/td7g11/.julia/packages/PyCall/rUul9/src/exception.jl:84 [inlined]
│     [4] __pycall!(::PyObject, ::Ptr{PyCall.PyObject_struct}, ::PyObject, ::Ptr{Nothing}) at /home/td7g11/.julia/packages/PyCall/rUul9/src/pyfncall.jl:44
│     [5] _pycall!(::PyObject, ::PyObject, ::Tuple{PyObject}, ::Int64, ::Ptr{Nothing}) at /home/td7g11/.julia/packages/PyCall/rUul9/src/pyfncall.jl:22
│     [6] #pycall#87 at /home/td7g11/.julia/packages/PyCall/rUul9/src/pyfncall.jl:11 [inlined]
│     [7] pycall at /home/td7g11/.julia/packages/PyCall/rUul9/src/pyfncall.jl:83 [inlined]
│     [8] serialize(::Distributed.ClusterSerializer{Sockets.TCPSocket}, ::PyObject) at /home/td7g11/.julia/packages/PyCall/rUul9/src/serialize.jl:18
│     [9] serialize_any(::Distributed.ClusterSerializer{Sockets.TCPSocket}, ::Any) at /buildworker/worker/package_linux64/build/usr/share/julia/stdlib/v1.0/Serialization/src/Serialization.jl:630
│     [10] serialize(::Distributed.ClusterSerializer{Sockets.TCPSocket}, ::Any) at /buildworker/worker/package_linux64/build/usr/share/julia/stdlib/v1.0/Serialization/src/Serialization.jl:609
│     [11] serialize(::Distributed.ClusterSerializer{Sockets.TCPSocket}, ::CapturedException) at /buildworker/worker/package_linux64/build/usr/share/julia/stdlib/v1.0/Distributed/src/clusterserialize.jl:208
│     [12] serialize_any(::Distributed.ClusterSerializer{Sockets.TCPSocket}, ::Any) at /buildworker/worker/package_linux64/build/usr/share/julia/stdlib/v1.0/Serialization/src/Serialization.jl:630
│     [13] serialize(::Distributed.ClusterSerializer{Sockets.TCPSocket}, ::Any) at /buildworker/worker/package_linux64/build/usr/share/julia/stdlib/v1.0/Serialization/src/Serialization.jl:609
│     [14] serialize_msg(::Distributed.ClusterSerializer{Sockets.TCPSocket}, ::Distributed.ResultMsg) at /buildworker/worker/package_linux64/build/usr/share/julia/stdlib/v1.0/Distributed/src/messages.jl:90
│     [15] #invokelatest#1 at ./essentials.jl:697 [inlined]
│     [16] invokelatest at ./essentials.jl:696 [inlined]
│     [17] send_msg_(::Distributed.Worker, ::Distributed.MsgHeader, ::Distributed.ResultMsg, ::Bool) at /buildworker/worker/package_linux64/build/usr/share/julia/stdlib/v1.0/Distributed/src/messages.jl:182
│     [18] send_msg_now at /buildworker/worker/package_linux64/build/usr/share/julia/stdlib/v1.0/Distributed/src/messages.jl:130 [inlined]
│     [19] send_msg_now(::Sockets.TCPSocket, ::Distributed.MsgHeader, ::Distributed.ResultMsg) at /buildworker/worker/package_linux64/build/usr/share/julia/stdlib/v1.0/Distributed/src/messages.jl:125
│     [20] deliver_result(::Sockets.TCPSocket, ::Symbol, ::Distributed.RRID, ::RemoteException) at /buildworker/worker/package_linux64/build/usr/share/julia/stdlib/v1.0/Distributed/src/process_messages.jl:88
│     [21] macro expansion at /buildworker/worker/package_linux64/build/usr/share/julia/stdlib/v1.0/Distributed/src/process_messages.jl:277 [inlined]
│     [22] (::getfield(Distributed, Symbol("##115#117")){Distributed.CallWaitMsg,Distributed.MsgHeader,Sockets.TCPSocket})() at ./task.jl:259
└ @ Distributed /buildworker/worker/package_linux64/build/usr/share/julia/stdlib/v1.0/Distributed/src/process_messages.jl:92
┌ Error: Fatal error on process 7
│   exception =
│    PyError ($(Expr(:escape, :(ccall(#= /home/td7g11/.julia/packages/PyCall/rUul9/src/pyfncall.jl:44 =# @pysym(:PyObject_Call), PyPtr, (PyPtr, PyPtr, PyPtr), o, pyargsptr, kw))))) <class 'TypeError'>
│    TypeError("can't pickle traceback objects",)
│    
│    Stacktrace:
│     [1] pyerr_check at /home/td7g11/.julia/packages/PyCall/rUul9/src/exception.jl:60 [inlined]
│     [2] pyerr_check at /home/td7g11/.julia/packages/PyCall/rUul9/src/exception.jl:64 [inlined]
│     [3] macro expansion at /home/td7g11/.julia/packages/PyCall/rUul9/src/exception.jl:84 [inlined]
│     [4] __pycall!(::PyObject, ::Ptr{PyCall.PyObject_struct}, ::PyObject, ::Ptr{Nothing}) at /home/td7g11/.julia/packages/PyCall/rUul9/src/pyfncall.jl:44
│     [5] _pycall!(::PyObject, ::PyObject, ::Tuple{PyObject}, ::Int64, ::Ptr{Nothing}) at /home/td7g11/.julia/packages/PyCall/rUul9/src/pyfncall.jl:22
│     [6] #pycall#87 at /home/td7g11/.julia/packages/PyCall/rUul9/src/pyfncall.jl:11 [inlined]
│     [7] pycall at /home/td7g11/.julia/packages/PyCall/rUul9/src/pyfncall.jl:83 [inlined]
│     [8] serialize(::Distributed.ClusterSerializer{Sockets.TCPSocket}, ::PyObject) at /home/td7g11/.julia/packages/PyCall/rUul9/src/serialize.jl:18
│     [9] serialize_any(::Distributed.ClusterSerializer{Sockets.TCPSocket}, ::Any) at /buildworker/worker/package_linux64/build/usr/share/julia/stdlib/v1.0/Serialization/src/Serialization.jl:630
│     [10] serialize(::Distributed.ClusterSerializer{Sockets.TCPSocket}, ::Any) at /buildworker/worker/package_linux64/build/usr/share/julia/stdlib/v1.0/Serialization/src/Serialization.jl:609
│     [11] serialize(::Distributed.ClusterSerializer{Sockets.TCPSocket}, ::CapturedException) at /buildworker/worker/package_linux64/build/usr/share/julia/stdlib/v1.0/Distributed/src/clusterserialize.jl:208
│     [12] serialize_any(::Distributed.ClusterSerializer{Sockets.TCPSocket}, ::Any) at /buildworker/worker/package_linux64/build/usr/share/julia/stdlib/v1.0/Serialization/src/Serialization.jl:630
│     [13] serialize(::Distributed.ClusterSerializer{Sockets.TCPSocket}, ::Any) at /buildworker/worker/package_linux64/build/usr/share/julia/stdlib/v1.0/Serialization/src/Serialization.jl:609
│     [14] serialize_msg(::Distributed.ClusterSerializer{Sockets.TCPSocket}, ::Distributed.ResultMsg) at /buildworker/worker/package_linux64/build/usr/share/julia/stdlib/v1.0/Distributed/src/messages.jl:90
│     [15] #invokelatest#1 at ./essentials.jl:697 [inlined]
│     [16] invokelatest at ./essentials.jl:696 [inlined]
│     [17] send_msg_(::Distributed.Worker, ::Distributed.MsgHeader, ::Distributed.ResultMsg, ::Bool) at /buildworker/worker/package_linux64/build/usr/share/julia/stdlib/v1.0/Distributed/src/messages.jl:182
│     [18] send_msg_now at /buildworker/worker/package_linux64/build/usr/share/julia/stdlib/v1.0/Distributed/src/messages.jl:130 [inlined]
│     [19] send_msg_now(::Sockets.TCPSocket, ::Distributed.MsgHeader, ::Distributed.ResultMsg) at /buildworker/worker/package_linux64/build/usr/share/julia/stdlib/v1.0/Distributed/src/messages.jl:125
│     [20] deliver_result(::Sockets.TCPSocket, ::Symbol, ::Distributed.RRID, ::RemoteException) at /buildworker/worker/package_linux64/build/usr/share/julia/stdlib/v1.0/Distributed/src/process_messages.jl:88
│     [21] macro expansion at /buildworker/worker/package_linux64/build/usr/share/julia/stdlib/v1.0/Distributed/src/process_messages.jl:277 [inlined]
│     [22] (::getfield(Distributed, Symbol("##115#117")){Distributed.CallWaitMsg,Distributed.MsgHeader,Sockets.TCPSocket})() at ./task.jl:259
└ @ Distributed /buildworker/worker/package_linux64/build/usr/share/julia/stdlib/v1.0/Distributed/src/process_messages.jl:92
┌ Error: Fatal error on process 8
│   exception =
│    PyError ($(Expr(:escape, :(ccall(#= /home/td7g11/.julia/packages/PyCall/rUul9/src/pyfncall.jl:44 =# @pysym(:PyObject_Call), PyPtr, (PyPtr, PyPtr, PyPtr), o, pyargsptr, kw))))) <class 'TypeError'>
│    TypeError("can't pickle traceback objects",)
│    
│    Stacktrace:
│     [1] pyerr_check at /home/td7g11/.julia/packages/PyCall/rUul9/src/exception.jl:60 [inlined]
│     [2] pyerr_check at /home/td7g11/.julia/packages/PyCall/rUul9/src/exception.jl:64 [inlined]
│     [3] macro expansion at /home/td7g11/.julia/packages/PyCall/rUul9/src/exception.jl:84 [inlined]
│     [4] __pycall!(::PyObject, ::Ptr{PyCall.PyObject_struct}, ::PyObject, ::Ptr{Nothing}) at /home/td7g11/.julia/packages/PyCall/rUul9/src/pyfncall.jl:44
│     [5] _pycall!(::PyObject, ::PyObject, ::Tuple{PyObject}, ::Int64, ::Ptr{Nothing}) at /home/td7g11/.julia/packages/PyCall/rUul9/src/pyfncall.jl:22
│     [6] #pycall#87 at /home/td7g11/.julia/packages/PyCall/rUul9/src/pyfncall.jl:11 [inlined]
│     [7] pycall at /home/td7g11/.julia/packages/PyCall/rUul9/src/pyfncall.jl:83 [inlined]
│     [8] serialize(::Distributed.ClusterSerializer{Sockets.TCPSocket}, ::PyObject) at /home/td7g11/.julia/packages/PyCall/rUul9/src/serialize.jl:18
│     [9] serialize_any(::Distributed.ClusterSerializer{Sockets.TCPSocket}, ::Any) at /buildworker/worker/package_linux64/build/usr/share/julia/stdlib/v1.0/Serialization/src/Serialization.jl:630
│     [10] serialize(::Distributed.ClusterSerializer{Sockets.TCPSocket}, ::Any) at /buildworker/worker/package_linux64/build/usr/share/julia/stdlib/v1.0/Serialization/src/Serialization.jl:609
│     [11] serialize(::Distributed.ClusterSerializer{Sockets.TCPSocket}, ::CapturedException) at /buildworker/worker/package_linux64/build/usr/share/julia/stdlib/v1.0/Distributed/src/clusterserialize.jl:208
│     [12] serialize_any(::Distributed.ClusterSerializer{Sockets.TCPSocket}, ::Any) at /buildworker/worker/package_linux64/build/usr/share/julia/stdlib/v1.0/Serialization/src/Serialization.jl:630
│     [13] serialize(::Distributed.ClusterSerializer{Sockets.TCPSocket}, ::Any) at /buildworker/worker/package_linux64/build/usr/share/julia/stdlib/v1.0/Serialization/src/Serialization.jl:609
│     [14] serialize_msg(::Distributed.ClusterSerializer{Sockets.TCPSocket}, ::Distributed.ResultMsg) at /buildworker/worker/package_linux64/build/usr/share/julia/stdlib/v1.0/Distributed/src/messages.jl:90
│     [15] #invokelatest#1 at ./essentials.jl:697 [inlined]
│     [16] invokelatest at ./essentials.jl:696 [inlined]
│     [17] send_msg_(::Distributed.Worker, ::Distributed.MsgHeader, ::Distributed.ResultMsg, ::Bool) at /buildworker/worker/package_linux64/build/usr/share/julia/stdlib/v1.0/Distributed/src/messages.jl:182
│     [18] send_msg_now at /buildworker/worker/package_linux64/build/usr/share/julia/stdlib/v1.0/Distributed/src/messages.jl:130 [inlined]
│     [19] send_msg_now(::Sockets.TCPSocket, ::Distributed.MsgHeader, ::Distributed.ResultMsg) at /buildworker/worker/package_linux64/build/usr/share/julia/stdlib/v1.0/Distributed/src/messages.jl:125
│     [20] deliver_result(::Sockets.TCPSocket, ::Symbol, ::Distributed.RRID, ::RemoteException) at /buildworker/worker/package_linux64/build/usr/share/julia/stdlib/v1.0/Distributed/src/process_messages.jl:88
│     [21] macro expansion at /buildworker/worker/package_linux64/build/usr/share/julia/stdlib/v1.0/Distributed/src/process_messages.jl:277 [inlined]
│     [22] (::getfield(Distributed, Symbol("##115#117")){Distributed.CallWaitMsg,Distributed.MsgHeader,Sockets.TCPSocket})() at ./task.jl:259
└ @ Distributed /buildworker/worker/package_linux64/build/usr/share/julia/stdlib/v1.0/Distributed/src/process_messages.jl:92
┌ Error: Fatal error on process 15
│   exception =
│    PyError ($(Expr(:escape, :(ccall(#= /home/td7g11/.julia/packages/PyCall/rUul9/src/pyfncall.jl:44 =# @pysym(:PyObject_Call), PyPtr, (PyPtr, PyPtr, PyPtr), o, pyargsptr, kw))))) <class 'TypeError'>
│    TypeError("can't pickle traceback objects",)
│    
│    Stacktrace:
│     [1] pyerr_check at /home/td7g11/.julia/packages/PyCall/rUul9/src/exception.jl:60 [inlined]
│     [2] pyerr_check at /home/td7g11/.julia/packages/PyCall/rUul9/src/exception.jl:64 [inlined]
│     [3] macro expansion at /home/td7g11/.julia/packages/PyCall/rUul9/src/exception.jl:84 [inlined]
│     [4] __pycall!(::PyObject, ::Ptr{PyCall.PyObject_struct}, ::PyObject, ::Ptr{Nothing}) at /home/td7g11/.julia/packages/PyCall/rUul9/src/pyfncall.jl:44
│     [5] _pycall!(::PyObject, ::PyObject, ::Tuple{PyObject}, ::Int64, ::Ptr{Nothing}) at /home/td7g11/.julia/packages/PyCall/rUul9/src/pyfncall.jl:22
│     [6] #pycall#87 at /home/td7g11/.julia/packages/PyCall/rUul9/src/pyfncall.jl:11 [inlined]
│     [7] pycall at /home/td7g11/.julia/packages/PyCall/rUul9/src/pyfncall.jl:83 [inlined]
│     [8] serialize(::Distributed.ClusterSerializer{Sockets.TCPSocket}, ::PyObject) at /home/td7g11/.julia/packages/PyCall/rUul9/src/serialize.jl:18
│     [9] serialize_any(::Distributed.ClusterSerializer{Sockets.TCPSocket}, ::Any) at /buildworker/worker/package_linux64/build/usr/share/julia/stdlib/v1.0/Serialization/src/Serialization.jl:630
│     [10] serialize(::Distributed.ClusterSerializer{Sockets.TCPSocket}, ::Any) at /buildworker/worker/package_linux64/build/usr/share/julia/stdlib/v1.0/Serialization/src/Serialization.jl:609
│     [11] serialize(::Distributed.ClusterSerializer{Sockets.TCPSocket}, ::CapturedException) at /buildworker/worker/package_linux64/build/usr/share/julia/stdlib/v1.0/Distributed/src/clusterserialize.jl:208
│     [12] serialize_any(::Distributed.ClusterSerializer{Sockets.TCPSocket}, ::Any) at /buildworker/worker/package_linux64/build/usr/share/julia/stdlib/v1.0/Serialization/src/Serialization.jl:630
│     [13] serialize(::Distributed.ClusterSerializer{Sockets.TCPSocket}, ::Any) at /buildworker/worker/package_linux64/build/usr/share/julia/stdlib/v1.0/Serialization/src/Serialization.jl:609
│     [14] serialize_msg(::Distributed.ClusterSerializer{Sockets.TCPSocket}, ::Distributed.ResultMsg) at /buildworker/worker/package_linux64/build/usr/share/julia/stdlib/v1.0/Distributed/src/messages.jl:90
│     [15] #invokelatest#1 at ./essentials.jl:697 [inlined]
│     [16] invokelatest at ./essentials.jl:696 [inlined]
│     [17] send_msg_(::Distributed.Worker, ::Distributed.MsgHeader, ::Distributed.ResultMsg, ::Bool) at /buildworker/worker/package_linux64/build/usr/share/julia/stdlib/v1.0/Distributed/src/messages.jl:182
│     [18] send_msg_now at /buildworker/worker/package_linux64/build/usr/share/julia/stdlib/v1.0/Distributed/src/messages.jl:130 [inlined]
│     [19] send_msg_now(::Sockets.TCPSocket, ::Distributed.MsgHeader, ::Distributed.ResultMsg) at /buildworker/worker/package_linux64/build/usr/share/julia/stdlib/v1.0/Distributed/src/messages.jl:125
│     [20] deliver_result(::Sockets.TCPSocket, ::Symbol, ::Distributed.RRID, ::RemoteException) at /buildworker/worker/package_linux64/build/usr/share/julia/stdlib/v1.0/Distributed/src/process_messages.jl:88
│     [21] macro expansion at /buildworker/worker/package_linux64/build/usr/share/julia/stdlib/v1.0/Distributed/src/process_messages.jl:277 [inlined]
│     [22] (::getfield(Distributed, Symbol("##115#117")){Distributed.CallWaitMsg,Distributed.MsgHeader,Sockets.TCPSocket})() at ./task.jl:259
└ @ Distributed /buildworker/worker/package_linux64/build/usr/share/julia/stdlib/v1.0/Distributed/src/process_messages.jl:92
┌ Error: Fatal error on process 3
│   exception =
│    PyError ($(Expr(:escape, :(ccall(#= /home/td7g11/.julia/packages/PyCall/rUul9/src/pyfncall.jl:44 =# @pysym(:PyObject_Call), PyPtr, (PyPtr, PyPtr, PyPtr), o, pyargsptr, kw))))) <class 'TypeError'>
│    TypeError("can't pickle traceback objects",)
│    
│    Stacktrace:
│     [1] pyerr_check at /home/td7g11/.julia/packages/PyCall/rUul9/src/exception.jl:60 [inlined]
│     [2] pyerr_check at /home/td7g11/.julia/packages/PyCall/rUul9/src/exception.jl:64 [inlined]
│     [3] macro expansion at /home/td7g11/.julia/packages/PyCall/rUul9/src/exception.jl:84 [inlined]
│     [4] __pycall!(::PyObject, ::Ptr{PyCall.PyObject_struct}, ::PyObject, ::Ptr{Nothing}) at /home/td7g11/.julia/packages/PyCall/rUul9/src/pyfncall.jl:44
│     [5] _pycall!(::PyObject, ::PyObject, ::Tuple{PyObject}, ::Int64, ::Ptr{Nothing}) at /home/td7g11/.julia/packages/PyCall/rUul9/src/pyfncall.jl:22
│     [6] #pycall#87 at /home/td7g11/.julia/packages/PyCall/rUul9/src/pyfncall.jl:11 [inlined]
│     [7] pycall at /home/td7g11/.julia/packages/PyCall/rUul9/src/pyfncall.jl:83 [inlined]
│     [8] serialize(::Distributed.ClusterSerializer{Sockets.TCPSocket}, ::PyObject) at /home/td7g11/.julia/packages/PyCall/rUul9/src/serialize.jl:18
│     [9] serialize_any(::Distributed.ClusterSerializer{Sockets.TCPSocket}, ::Any) at /buildworker/worker/package_linux64/build/usr/share/julia/stdlib/v1.0/Serialization/src/Serialization.jl:630
│     [10] serialize(::Distributed.ClusterSerializer{Sockets.TCPSocket}, ::Any) at /buildworker/worker/package_linux64/build/usr/share/julia/stdlib/v1.0/Serialization/src/Serialization.jl:609
│     [11] serialize(::Distributed.ClusterSerializer{Sockets.TCPSocket}, ::CapturedException) at /buildworker/worker/package_linux64/build/usr/share/julia/stdlib/v1.0/Distributed/src/clusterserialize.jl:208
│     [12] serialize_any(::Distributed.ClusterSerializer{Sockets.TCPSocket}, ::Any) at /buildworker/worker/package_linux64/build/usr/share/julia/stdlib/v1.0/Serialization/src/Serialization.jl:630
│     [13] serialize(::Distributed.ClusterSerializer{Sockets.TCPSocket}, ::Any) at /buildworker/worker/package_linux64/build/usr/share/julia/stdlib/v1.0/Serialization/src/Serialization.jl:609
│     [14] serialize_msg(::Distributed.ClusterSerializer{Sockets.TCPSocket}, ::Distributed.ResultMsg) at /buildworker/worker/package_linux64/build/usr/share/julia/stdlib/v1.0/Distributed/src/messages.jl:90
│     [15] #invokelatest#1 at ./essentials.jl:697 [inlined]
│     [16] invokelatest at ./essentials.jl:696 [inlined]
│     [17] send_msg_(::Distributed.Worker, ::Distributed.MsgHeader, ::Distributed.ResultMsg, ::Bool) at /buildworker/worker/package_linux64/build/usr/share/julia/stdlib/v1.0/Distributed/src/messages.jl:182
│     [18] send_msg_now at /buildworker/worker/package_linux64/build/usr/share/julia/stdlib/v1.0/Distributed/src/messages.jl:130 [inlined]
│     [19] send_msg_now(::Sockets.TCPSocket, ::Distributed.MsgHeader, ::Distributed.ResultMsg) at /buildworker/worker/package_linux64/build/usr/share/julia/stdlib/v1.0/Distributed/src/messages.jl:125
│     [20] deliver_result(::Sockets.TCPSocket, ::Symbol, ::Distributed.RRID, ::RemoteException) at /buildworker/worker/package_linux64/build/usr/share/julia/stdlib/v1.0/Distributed/src/process_messages.jl:88
│     [21] macro expansion at /buildworker/worker/package_linux64/build/usr/share/julia/stdlib/v1.0/Distributed/src/process_messages.jl:277 [inlined]
│     [22] (::getfield(Distributed, Symbol("##115#117")){Distributed.CallWaitMsg,Distributed.MsgHeader,Sockets.TCPSocket})() at ./task.jl:259
└ @ Distributed /buildworker/worker/package_linux64/build/usr/share/julia/stdlib/v1.0/Distributed/src/process_messages.jl:92
┌ Error: Fatal error on process 16
│   exception =
│    PyError ($(Expr(:escape, :(ccall(#= /home/td7g11/.julia/packages/PyCall/rUul9/src/pyfncall.jl:44 =# @pysym(:PyObject_Call), PyPtr, (PyPtr, PyPtr, PyPtr), o, pyargsptr, kw))))) <class 'TypeError'>
│    TypeError("can't pickle traceback objects",)
│    
│    Stacktrace:
│     [1] pyerr_check at /home/td7g11/.julia/packages/PyCall/rUul9/src/exception.jl:60 [inlined]
│     [2] pyerr_check at /home/td7g11/.julia/packages/PyCall/rUul9/src/exception.jl:64 [inlined]
│     [3] macro expansion at /home/td7g11/.julia/packages/PyCall/rUul9/src/exception.jl:84 [inlined]
│     [4] __pycall!(::PyObject, ::Ptr{PyCall.PyObject_struct}, ::PyObject, ::Ptr{Nothing}) at /home/td7g11/.julia/packages/PyCall/rUul9/src/pyfncall.jl:44
│     [5] _pycall!(::PyObject, ::PyObject, ::Tuple{PyObject}, ::Int64, ::Ptr{Nothing}) at /home/td7g11/.julia/packages/PyCall/rUul9/src/pyfncall.jl:22
│     [6] #pycall#87 at /home/td7g11/.julia/packages/PyCall/rUul9/src/pyfncall.jl:11 [inlined]
│     [7] pycall at /home/td7g11/.julia/packages/PyCall/rUul9/src/pyfncall.jl:83 [inlined]
│     [8] serialize(::Distributed.ClusterSerializer{Sockets.TCPSocket}, ::PyObject) at /home/td7g11/.julia/packages/PyCall/rUul9/src/serialize.jl:18
│     [9] serialize_any(::Distributed.ClusterSerializer{Sockets.TCPSocket}, ::Any) at /buildworker/worker/package_linux64/build/usr/share/julia/stdlib/v1.0/Serialization/src/Serialization.jl:630
│     [10] serialize(::Distributed.ClusterSerializer{Sockets.TCPSocket}, ::Any) at /buildworker/worker/package_linux64/build/usr/share/julia/stdlib/v1.0/Serialization/src/Serialization.jl:609
│     [11] serialize(::Distributed.ClusterSerializer{Sockets.TCPSocket}, ::CapturedException) at /buildworker/worker/package_linux64/build/usr/share/julia/stdlib/v1.0/Distributed/src/clusterserialize.jl:208
│     [12] serialize_any(::Distributed.ClusterSerializer{Sockets.TCPSocket}, ::Any) at /buildworker/worker/package_linux64/build/usr/share/julia/stdlib/v1.0/Serialization/src/Serialization.jl:630
│     [13] serialize(::Distributed.ClusterSerializer{Sockets.TCPSocket}, ::Any) at /buildworker/worker/package_linux64/build/usr/share/julia/stdlib/v1.0/Serialization/src/Serialization.jl:609
│     [14] serialize_msg(::Distributed.ClusterSerializer{Sockets.TCPSocket}, ::Distributed.ResultMsg) at /buildworker/worker/package_linux64/build/usr/share/julia/stdlib/v1.0/Distributed/src/messages.jl:90
│     [15] #invokelatest#1 at ./essentials.jl:697 [inlined]
│     [16] invokelatest at ./essentials.jl:696 [inlined]
│     [17] send_msg_(::Distributed.Worker, ::Distributed.MsgHeader, ::Distributed.ResultMsg, ::Bool) at /buildworker/worker/package_linux64/build/usr/share/julia/stdlib/v1.0/Distributed/src/messages.jl:182
│     [18] send_msg_now at /buildworker/worker/package_linux64/build/usr/share/julia/stdlib/v1.0/Distributed/src/messages.jl:130 [inlined]
│     [19] send_msg_now(::Sockets.TCPSocket, ::Distributed.MsgHeader, ::Distributed.ResultMsg) at /buildworker/worker/package_linux64/build/usr/share/julia/stdlib/v1.0/Distributed/src/messages.jl:125
│     [20] deliver_result(::Sockets.TCPSocket, ::Symbol, ::Distributed.RRID, ::RemoteException) at /buildworker/worker/package_linux64/build/usr/share/julia/stdlib/v1.0/Distributed/src/process_messages.jl:88
│     [21] macro expansion at /buildworker/worker/package_linux64/build/usr/share/julia/stdlib/v1.0/Distributed/src/process_messages.jl:277 [inlined]
│     [22] (::getfield(Distributed, Symbol("##115#117")){Distributed.CallWaitMsg,Distributed.MsgHeader,Sockets.TCPSocket})() at ./task.jl:259
└ @ Distributed /buildworker/worker/package_linux64/build/usr/share/julia/stdlib/v1.0/Distributed/src/process_messages.jl:92
┌ Error: Fatal error on process 20
│   exception =
│    PyError ($(Expr(:escape, :(ccall(#= /home/td7g11/.julia/packages/PyCall/rUul9/src/pyfncall.jl:44 =# @pysym(:PyObject_Call), PyPtr, (PyPtr, PyPtr, PyPtr), o, pyargsptr, kw))))) <class 'TypeError'>
│    TypeError("can't pickle traceback objects",)
│    
│    Stacktrace:
│     [1] pyerr_check at /home/td7g11/.julia/packages/PyCall/rUul9/src/exception.jl:60 [inlined]
│     [2] pyerr_check at /home/td7g11/.julia/packages/PyCall/rUul9/src/exception.jl:64 [inlined]
│     [3] macro expansion at /home/td7g11/.julia/packages/PyCall/rUul9/src/exception.jl:84 [inlined]
│     [4] __pycall!(::PyObject, ::Ptr{PyCall.PyObject_struct}, ::PyObject, ::Ptr{Nothing}) at /home/td7g11/.julia/packages/PyCall/rUul9/src/pyfncall.jl:44
│     [5] _pycall!(::PyObject, ::PyObject, ::Tuple{PyObject}, ::Int64, ::Ptr{Nothing}) at /home/td7g11/.julia/packages/PyCall/rUul9/src/pyfncall.jl:22
│     [6] #pycall#87 at /home/td7g11/.julia/packages/PyCall/rUul9/src/pyfncall.jl:11 [inlined]
│     [7] pycall at /home/td7g11/.julia/packages/PyCall/rUul9/src/pyfncall.jl:83 [inlined]
│     [8] serialize(::Distributed.ClusterSerializer{Sockets.TCPSocket}, ::PyObject) at /home/td7g11/.julia/packages/PyCall/rUul9/src/serialize.jl:18
│     [9] serialize_any(::Distributed.ClusterSerializer{Sockets.TCPSocket}, ::Any) at /buildworker/worker/package_linux64/build/usr/share/julia/stdlib/v1.0/Serialization/src/Serialization.jl:630
│     [10] serialize(::Distributed.ClusterSerializer{Sockets.TCPSocket}, ::Any) at /buildworker/worker/package_linux64/build/usr/share/julia/stdlib/v1.0/Serialization/src/Serialization.jl:609
│     [11] serialize(::Distributed.ClusterSerializer{Sockets.TCPSocket}, ::CapturedException) at /buildworker/worker/package_linux64/build/usr/share/julia/stdlib/v1.0/Distributed/src/clusterserialize.jl:208
│     [12] serialize_any(::Distributed.ClusterSerializer{Sockets.TCPSocket}, ::Any) at /buildworker/worker/package_linux64/build/usr/share/julia/stdlib/v1.0/Serialization/src/Serialization.jl:630
│     [13] serialize(::Distributed.ClusterSerializer{Sockets.TCPSocket}, ::Any) at /buildworker/worker/package_linux64/build/usr/share/julia/stdlib/v1.0/Serialization/src/Serialization.jl:609
│     [14] serialize_msg(::Distributed.ClusterSerializer{Sockets.TCPSocket}, ::Distributed.ResultMsg) at /buildworker/worker/package_linux64/build/usr/share/julia/stdlib/v1.0/Distributed/src/messages.jl:90
│     [15] #invokelatest#1 at ./essentials.jl:697 [inlined]
│     [16] invokelatest at ./essentials.jl:696 [inlined]
│     [17] send_msg_(::Distributed.Worker, ::Distributed.MsgHeader, ::Distributed.ResultMsg, ::Bool) at /buildworker/worker/package_linux64/build/usr/share/julia/stdlib/v1.0/Distributed/src/messages.jl:182
│     [18] send_msg_now at /buildworker/worker/package_linux64/build/usr/share/julia/stdlib/v1.0/Distributed/src/messages.jl:130 [inlined]
│     [19] send_msg_now(::Sockets.TCPSocket, ::Distributed.MsgHeader, ::Distributed.ResultMsg) at /buildworker/worker/package_linux64/build/usr/share/julia/stdlib/v1.0/Distributed/src/messages.jl:125
│     [20] deliver_result(::Sockets.TCPSocket, ::Symbol, ::Distributed.RRID, ::RemoteException) at /buildworker/worker/package_linux64/build/usr/share/julia/stdlib/v1.0/Distributed/src/process_messages.jl:88
│     [21] macro expansion at /buildworker/worker/package_linux64/build/usr/share/julia/stdlib/v1.0/Distributed/src/process_messages.jl:277 [inlined]
│     [22] (::getfield(Distributed, Symbol("##115#117")){Distributed.CallWaitMsg,Distributed.MsgHeader,Sockets.TCPSocket})() at ./task.jl:259
└ @ Distributed /buildworker/worker/package_linux64/build/usr/share/julia/stdlib/v1.0/Distributed/src/process_messages.jl:92
┌ Error: Fatal error on process 4
│   exception =
│    PyError ($(Expr(:escape, :(ccall(#= /home/td7g11/.julia/packages/PyCall/rUul9/src/pyfncall.jl:44 =# @pysym(:PyObject_Call), PyPtr, (PyPtr, PyPtr, PyPtr), o, pyargsptr, kw))))) <class 'TypeError'>
│    TypeError("can't pickle traceback objects",)
│    
│    Stacktrace:
│     [1] pyerr_check at /home/td7g11/.julia/packages/PyCall/rUul9/src/exception.jl:60 [inlined]
│     [2] pyerr_check at /home/td7g11/.julia/packages/PyCall/rUul9/src/exception.jl:64 [inlined]
│     [3] macro expansion at /home/td7g11/.julia/packages/PyCall/rUul9/src/exception.jl:84 [inlined]
│     [4] __pycall!(::PyObject, ::Ptr{PyCall.PyObject_struct}, ::PyObject, ::Ptr{Nothing}) at /home/td7g11/.julia/packages/PyCall/rUul9/src/pyfncall.jl:44
│     [5] _pycall!(::PyObject, ::PyObject, ::Tuple{PyObject}, ::Int64, ::Ptr{Nothing}) at /home/td7g11/.julia/packages/PyCall/rUul9/src/pyfncall.jl:22
│     [6] #pycall#87 at /home/td7g11/.julia/packages/PyCall/rUul9/src/pyfncall.jl:11 [inlined]
│     [7] pycall at /home/td7g11/.julia/packages/PyCall/rUul9/src/pyfncall.jl:83 [inlined]
│     [8] serialize(::Distributed.ClusterSerializer{Sockets.TCPSocket}, ::PyObject) at /home/td7g11/.julia/packages/PyCall/rUul9/src/serialize.jl:18
│     [9] serialize_any(::Distributed.ClusterSerializer{Sockets.TCPSocket}, ::Any) at /buildworker/worker/package_linux64/build/usr/share/julia/stdlib/v1.0/Serialization/src/Serialization.jl:630
│     [10] serialize(::Distributed.ClusterSerializer{Sockets.TCPSocket}, ::Any) at /buildworker/worker/package_linux64/build/usr/share/julia/stdlib/v1.0/Serialization/src/Serialization.jl:609
│     [11] serialize(::Distributed.ClusterSerializer{Sockets.TCPSocket}, ::CapturedException) at /buildworker/worker/package_linux64/build/usr/share/julia/stdlib/v1.0/Distributed/src/clusterserialize.jl:208
│     [12] serialize_any(::Distributed.ClusterSerializer{Sockets.TCPSocket}, ::Any) at /buildworker/worker/package_linux64/build/usr/share/julia/stdlib/v1.0/Serialization/src/Serialization.jl:630
│     [13] serialize(::Distributed.ClusterSerializer{Sockets.TCPSocket}, ::Any) at /buildworker/worker/package_linux64/build/usr/share/julia/stdlib/v1.0/Serialization/src/Serialization.jl:609
│     [14] serialize_msg(::Distributed.ClusterSerializer{Sockets.TCPSocket}, ::Distributed.ResultMsg) at /buildworker/worker/package_linux64/build/usr/share/julia/stdlib/v1.0/Distributed/src/messages.jl:90
│     [15] #invokelatest#1 at ./essentials.jl:697 [inlined]
│     [16] invokelatest at ./essentials.jl:696 [inlined]
│     [17] send_msg_(::Distributed.Worker, ::Distributed.MsgHeader, ::Distributed.ResultMsg, ::Bool) at /buildworker/worker/package_linux64/build/usr/share/julia/stdlib/v1.0/Distributed/src/messages.jl:182
│     [18] send_msg_now at /buildworker/worker/package_linux64/build/usr/share/julia/stdlib/v1.0/Distributed/src/messages.jl:130 [inlined]
│     [19] send_msg_now(::Sockets.TCPSocket, ::Distributed.MsgHeader, ::Distributed.ResultMsg) at /buildworker/worker/package_linux64/build/usr/share/julia/stdlib/v1.0/Distributed/src/messages.jl:125
│     [20] deliver_result(::Sockets.TCPSocket, ::Symbol, ::Distributed.RRID, ::RemoteException) at /buildworker/worker/package_linux64/build/usr/share/julia/stdlib/v1.0/Distributed/src/process_messages.jl:88
│     [21] macro expansion at /buildworker/worker/package_linux64/build/usr/share/julia/stdlib/v1.0/Distributed/src/process_messages.jl:277 [inlined]
│     [22] (::getfield(Distributed, Symbol("##115#117")){Distributed.CallWaitMsg,Distributed.MsgHeader,Sockets.TCPSocket})() at ./task.jl:259
└ @ Distributed /buildworker/worker/package_linux64/build/usr/share/julia/stdlib/v1.0/Distributed/src/process_messages.jl:92
┌ Error: Fatal error on process 11
│   exception =
│    PyError ($(Expr(:escape, :(ccall(#= /home/td7g11/.julia/packages/PyCall/rUul9/src/pyfncall.jl:44 =# @pysym(:PyObject_Call), PyPtr, (PyPtr, PyPtr, PyPtr), o, pyargsptr, kw))))) <class 'TypeError'>
│    TypeError("can't pickle traceback objects",)
│    
│    Stacktrace:
│     [1] pyerr_check at /home/td7g11/.julia/packages/PyCall/rUul9/src/exception.jl:60 [inlined]
│     [2] pyerr_check at /home/td7g11/.julia/packages/PyCall/rUul9/src/exception.jl:64 [inlined]
│     [3] macro expansion at /home/td7g11/.julia/packages/PyCall/rUul9/src/exception.jl:84 [inlined]
│     [4] __pycall!(::PyObject, ::Ptr{PyCall.PyObject_struct}, ::PyObject, ::Ptr{Nothing}) at /home/td7g11/.julia/packages/PyCall/rUul9/src/pyfncall.jl:44
│     [5] _pycall!(::PyObject, ::PyObject, ::Tuple{PyObject}, ::Int64, ::Ptr{Nothing}) at /home/td7g11/.julia/packages/PyCall/rUul9/src/pyfncall.jl:22
│     [6] #pycall#87 at /home/td7g11/.julia/packages/PyCall/rUul9/src/pyfncall.jl:11 [inlined]
│     [7] pycall at /home/td7g11/.julia/packages/PyCall/rUul9/src/pyfncall.jl:83 [inlined]
│     [8] serialize(::Distributed.ClusterSerializer{Sockets.TCPSocket}, ::PyObject) at /home/td7g11/.julia/packages/PyCall/rUul9/src/serialize.jl:18
│     [9] serialize_any(::Distributed.ClusterSerializer{Sockets.TCPSocket}, ::Any) at /buildworker/worker/package_linux64/build/usr/share/julia/stdlib/v1.0/Serialization/src/Serialization.jl:630
│     [10] serialize(::Distributed.ClusterSerializer{Sockets.TCPSocket}, ::Any) at /buildworker/worker/package_linux64/build/usr/share/julia/stdlib/v1.0/Serialization/src/Serialization.jl:609
│     [11] serialize(::Distributed.ClusterSerializer{Sockets.TCPSocket}, ::CapturedException) at /buildworker/worker/package_linux64/build/usr/share/julia/stdlib/v1.0/Distributed/src/clusterserialize.jl:208
│     [12] serialize_any(::Distributed.ClusterSerializer{Sockets.TCPSocket}, ::Any) at /buildworker/worker/package_linux64/build/usr/share/julia/stdlib/v1.0/Serialization/src/Serialization.jl:630
│     [13] serialize(::Distributed.ClusterSerializer{Sockets.TCPSocket}, ::Any) at /buildworker/worker/package_linux64/build/usr/share/julia/stdlib/v1.0/Serialization/src/Serialization.jl:609
│     [14] serialize_msg(::Distributed.ClusterSerializer{Sockets.TCPSocket}, ::Distributed.ResultMsg) at /buildworker/worker/package_linux64/build/usr/share/julia/stdlib/v1.0/Distributed/src/messages.jl:90
│     [15] #invokelatest#1 at ./essentials.jl:697 [inlined]
│     [16] invokelatest at ./essentials.jl:696 [inlined]
│     [17] send_msg_(::Distributed.Worker, ::Distributed.MsgHeader, ::Distributed.ResultMsg, ::Bool) at /buildworker/worker/package_linux64/build/usr/share/julia/stdlib/v1.0/Distributed/src/messages.jl:182
│     [18] send_msg_now at /buildworker/worker/package_linux64/build/usr/share/julia/stdlib/v1.0/Distributed/src/messages.jl:130 [inlined]
│     [19] send_msg_now(::Sockets.TCPSocket, ::Distributed.MsgHeader, ::Distributed.ResultMsg) at /buildworker/worker/package_linux64/build/usr/share/julia/stdlib/v1.0/Distributed/src/messages.jl:125
│     [20] deliver_result(::Sockets.TCPSocket, ::Symbol, ::Distributed.RRID, ::RemoteException) at /buildworker/worker/package_linux64/build/usr/share/julia/stdlib/v1.0/Distributed/src/process_messages.jl:88
│     [21] macro expansion at /buildworker/worker/package_linux64/build/usr/share/julia/stdlib/v1.0/Distributed/src/process_messages.jl:277 [inlined]
│     [22] (::getfield(Distributed, Symbol("##115#117")){Distributed.CallWaitMsg,Distributed.MsgHeader,Sockets.TCPSocket})() at ./task.jl:259
└ @ Distributed /buildworker/worker/package_linux64/build/usr/share/julia/stdlib/v1.0/Distributed/src/process_messages.jl:92
