Running SLURM prolog script on red097.cluster.local
===============================================================================
Job started on Fri Sep 28 12:30:16 BST 2018
Job ID          : 149877
Job name        : submit_single_weather_route
WorkDir         : /mainfs/home/td7g11/sail_route.jl/development
Partition       : batch
Num hosts       : 1
Num cores       : 10
Num of tasks    : 10
Hosts allocated : red097
Job Output Follows ...
===============================================================================
ERROR: MethodError: no method matching +(::String, ::String)
Closest candidates are:
  +(::Any, ::Any, !Matched::Any, !Matched::Any...) at operators.jl:502
  +(!Matched::PyObject, ::Any) at /home/td7g11/.julia/packages/PyCall/rUul9/src/pyoperators.jl:14
  +(::Any, !Matched::PyObject) at /home/td7g11/.julia/packages/PyCall/rUul9/src/pyoperators.jl:15
Stacktrace:
 [1] parallize_uncertain_routing() at ./task.jl:243
 [2] top-level scope at none:0
==============================================================================
Running epilogue script on red097.

Submit time  : 2018-09-28T12:30:16
Start time   : 2018-09-28T12:30:16
End time     : 2018-09-28T12:44:54
Elapsed time : 00:14:38 (Timelimit=20:00:00)

Job ID: 149877
Cluster: i5
User/Group: td7g11/mm
State: COMPLETED (exit code 0)
Nodes: 1
Cores per node: 10
CPU Utilized: 02:10:07
CPU Efficiency: 88.92% of 02:26:20 core-walltime
Memory Utilized: 72.96 GB

