Running SLURM prolog script on red017.cluster.local
===============================================================================
Job started on Thu Aug 23 10:32:25 BST 2018
Job ID          : 133826
Job name        : submit_single_weather_route
WorkDir         : /mainfs/home/td7g11/sail_route.jl/development
Partition       : batch
Num hosts       : 1
Num cores       : 10
Num of tasks    : 10
Hosts allocated : red017
Job Output Follows ...
===============================================================================
==============================================================================
Running epilogue script on red017.

Submit time  : 2018-08-23T10:32:24
Start time   : 2018-08-23T10:32:25
End time     : 2018-08-23T10:33:13
Elapsed time : 00:00:48 (Timelimit=20:00:00)

Job ID: 133826
Cluster: i5
User/Group: td7g11/mm
State: COMPLETED (exit code 0)
Nodes: 1
Cores per node: 10
CPU Utilized: 00:00:50
**** Please note that the CPU efficency of your job is less than 50% ****
**** Ask the HPC team for advice -- if you need it
**** CPU Efficiency: 10.42% of 00:08:00 core-walltime

Memory Utilized: 767.21 MB

