Running SLURM prolog script on red086.cluster.local
===============================================================================
Job started on Wed Oct  3 11:27:33 BST 2018
Job ID          : 151642
Job name        : submit_single_weather_route
WorkDir         : /mainfs/home/td7g11/sail_route.jl/development
Partition       : batch
Num hosts       : 1
Num cores       : 10
Num of tasks    : 10
Hosts allocated : red086
Job Output Follows ...
===============================================================================
ERROR: UndefVarError: n_perfs not defined
Stacktrace:
 [1] parallize_uncertain_routing() at ./none:173
 [2] top-level scope at none:0
==============================================================================
Running epilogue script on red086.

Submit time  : 2018-10-03T11:27:33
Start time   : 2018-10-03T11:27:33
End time     : 2018-10-03T11:29:05
Elapsed time : 00:01:32 (Timelimit=20:00:00)


