Running SLURM prolog script on red316.cluster.local
===============================================================================
Job started on Thu Sep 13 15:02:36 BST 2018
Job ID          : 142961
Job name        : submit_multiple
WorkDir         : /mainfs/home/td7g11/sail_route.jl/development
Partition       : batch
Num hosts       : 1
Num cores       : 40
Num of tasks    : 40
Hosts allocated : red316
Job Output Follows ...
===============================================================================
==============================================================================
Running epilogue script on red316.

Submit time  : 2018-09-13T15:02:36
Start time   : 2018-09-13T15:02:36
End time     : 2018-09-13T15:36:08
Elapsed time : 00:33:32 (Timelimit=20:00:00)

Job ID: 142961
Cluster: i5
User/Group: td7g11/mm
State: COMPLETED (exit code 0)
Nodes: 1
Cores per node: 40
CPU Utilized: 02:00:56
**** Please note that the CPU efficency of your job is less than 50% ****
**** Ask the HPC team for advice -- if you need it
**** CPU Efficiency: 9.02% of 22:21:20 core-walltime

Memory Utilized: 28.07 GB

